1
basin_cfs 1
1 1980 10 1 0 0 0 12.916551 
2 1980 10 2 0 0 0 164.514905 
3 1980 10 3 0 0 0 403.049083 
4 1980 10 4 0 0 0 666.742191 
5 1980 10 5 0 0 0 904.037914 
6 1980 10 6 0 0 0 1071.594279 
7 1980 10 7 0 0 0 1158.644765 
8 1980 10 8 0 0 0 1189.943221 
9 1980 10 9 0 0 0 1192.142744 
10 1980 10 10 0 0 0 1181.458234 
11 1980 10 11 0 0 0 1165.834410 
12 1980 10 12 0 0 0 1152.614770 
13 1980 10 13 0 0 0 1183.433106 
14 1980 10 14 0 0 0 1266.567190 
15 1980 10 15 0 0 0 1477.235763 
16 1980 10 16 0 0 0 1907.942547 
17 1980 10 17 0 0 0 2686.458754 
18 1980 10 18 0 0 0 3067.008673 
19 1980 10 19 0 0 0 2938.525130 
20 1980 10 20 0 0 0 2481.034243 
21 1980 10 21 0 0 0 1962.701702 
22 1980 10 22 0 0 0 1590.467272 
23 1980 10 23 0 0 0 1372.391311 
24 1980 10 24 0 0 0 1255.602400 
25 1980 10 25 0 0 0 1193.508991 
26 1980 10 26 0 0 0 1161.195602 
27 1980 10 27 0 0 0 1179.618172 
28 1980 10 28 0 0 0 1237.194741 
29 1980 10 29 0 0 0 1205.148175 
30 1980 10 30 0 0 0 1176.538655 
31 1980 10 31 0 0 0 1154.089743 
32 1980 11 1 0 0 0 1123.836441 
33 1980 11 2 0 0 0 1096.198673 
34 1980 11 3 0 0 0 1081.999572 
35 1980 11 4 0 0 0 1077.796716 
36 1980 11 5 0 0 0 1074.810095 
37 1980 11 6 0 0 0 1071.088158 
38 1980 11 7 0 0 0 1067.692478 
39 1980 11 8 0 0 0 1063.573046 
40 1980 11 9 0 0 0 1057.506380 
41 1980 11 10 0 0 0 1048.816983 
42 1980 11 11 0 0 0 1038.033863 
43 1980 11 12 0 0 0 1033.825759 
44 1980 11 13 0 0 0 1132.676141 
45 1980 11 14 0 0 0 1556.450297 
46 1980 11 15 0 0 0 2302.182064 
47 1980 11 16 0 0 0 2713.730972 
48 1980 11 17 0 0 0 2624.165871 
49 1980 11 18 0 0 0 2264.089237 
50 1980 11 19 0 0 0 1837.123049 
51 1980 11 20 0 0 0 1511.832888 
52 1980 11 21 0 0 0 1320.358058 
53 1980 11 22 0 0 0 1238.360347 
54 1980 11 23 0 0 0 1221.798857 
55 1980 11 24 0 0 0 1187.843976 
56 1980 11 25 0 0 0 1147.894090 
57 1980 11 26 0 0 0 1114.705678 
58 1980 11 27 0 0 0 1086.763218 
59 1980 11 28 0 0 0 1062.439590 
60 1980 11 29 0 0 0 1041.599155 
61 1980 11 30 0 0 0 1023.843390 
62 1980 12 1 0 0 0 1026.458571 
63 1980 12 2 0 0 0 1111.208673 
64 1980 12 3 0 0 0 1125.992896 
65 1980 12 4 0 0 0 1084.040967 
66 1980 12 5 0 0 0 1052.472581 
67 1980 12 6 0 0 0 1075.241034 
68 1980 12 7 0 0 0 1213.223067 
69 1980 12 8 0 0 0 1304.407533 
70 1980 12 9 0 0 0 1290.049957 
71 1980 12 10 0 0 0 1224.069004 
72 1980 12 11 0 0 0 1137.204955 
73 1980 12 12 0 0 0 1062.796834 
74 1980 12 13 0 0 0 1014.190692 
75 1980 12 14 0 0 0 984.505341 
76 1980 12 15 0 0 0 964.115202 
77 1980 12 16 0 0 0 947.488934 
78 1980 12 17 0 0 0 932.317573 
79 1980 12 18 0 0 0 917.943930 
80 1980 12 19 0 0 0 904.696563 
81 1980 12 20 0 0 0 891.944834 
82 1980 12 21 0 0 0 879.029736 
83 1980 12 22 0 0 0 866.331995 
84 1980 12 23 0 0 0 877.067543 
85 1980 12 24 0 0 0 1024.912985 
86 1980 12 25 0 0 0 1061.232473 
87 1980 12 26 0 0 0 1056.232350 
88 1980 12 27 0 0 0 1010.238424 
89 1980 12 28 0 0 0 949.700700 
90 1980 12 29 0 0 0 899.110857 
91 1980 12 30 0 0 0 865.383840 
92 1980 12 31 0 0 0 843.741652 
93 1981 1 1 0 0 0 828.232910 
94 1981 1 2 0 0 0 814.900764 
95 1981 1 3 0 0 0 802.229565 
96 1981 1 4 0 0 0 794.548806 
97 1981 1 5 0 0 0 837.109458 
98 1981 1 6 0 0 0 838.222695 
99 1981 1 7 0 0 0 823.260418 
100 1981 1 8 0 0 0 801.737604 
101 1981 1 9 0 0 0 773.047474 
102 1981 1 10 0 0 0 743.233727 
103 1981 1 11 0 0 0 720.135586 
104 1981 1 12 0 0 0 703.656905 
105 1981 1 13 0 0 0 690.749958 
106 1981 1 14 0 0 0 679.357326 
107 1981 1 15 0 0 0 668.589705 
108 1981 1 16 0 0 0 658.129438 
109 1981 1 17 0 0 0 647.966705 
110 1981 1 18 0 0 0 639.636694 
111 1981 1 19 0 0 0 630.833515 
112 1981 1 20 0 0 0 621.991975 
113 1981 1 21 0 0 0 612.138535 
114 1981 1 22 0 0 0 601.436260 
115 1981 1 23 0 0 0 591.599359 
116 1981 1 24 0 0 0 588.174207 
117 1981 1 25 0 0 0 661.087742 
118 1981 1 26 0 0 0 694.158335 
119 1981 1 27 0 0 0 686.396939 
120 1981 1 28 0 0 0 675.412937 
121 1981 1 29 0 0 0 703.386198 
122 1981 1 30 0 0 0 685.014235 
123 1981 1 31 0 0 0 667.685889 
124 1981 2 1 0 0 0 630.415793 
125 1981 2 2 0 0 0 594.596455 
126 1981 2 3 0 0 0 570.476998 
127 1981 2 4 0 0 0 553.865859 
128 1981 2 5 0 0 0 541.902368 
129 1981 2 6 0 0 0 532.331492 
130 1981 2 7 0 0 0 523.753522 
131 1981 2 8 0 0 0 515.577112 
132 1981 2 9 0 0 0 507.604342 
133 1981 2 10 0 0 0 499.817762 
134 1981 2 11 0 0 0 492.080369 
135 1981 2 12 0 0 0 484.463885 
136 1981 2 13 0 0 0 476.990942 
137 1981 2 14 0 0 0 471.367987 
138 1981 2 15 0 0 0 479.767141 
139 1981 2 16 0 0 0 498.085110 
140 1981 2 17 0 0 0 540.980604 
141 1981 2 18 0 0 0 568.093092 
142 1981 2 19 0 0 0 575.400694 
143 1981 2 20 0 0 0 583.958854 
144 1981 2 21 0 0 0 658.733082 
145 1981 2 22 0 0 0 846.998246 
146 1981 2 23 0 0 0 950.858773 
147 1981 2 24 0 0 0 935.691847 
148 1981 2 25 0 0 0 886.126918 
149 1981 2 26 0 0 0 840.015815 
150 1981 2 27 0 0 0 858.425025 
151 1981 2 28 0 0 0 923.607091 
152 1981 3 1 0 0 0 960.264458 
153 1981 3 2 0 0 0 952.814740 
154 1981 3 3 0 0 0 980.733134 
155 1981 3 4 0 0 0 1104.183468 
156 1981 3 5 0 0 0 1190.999112 
157 1981 3 6 0 0 0 1240.746679 
158 1981 3 7 0 0 0 1336.189181 
159 1981 3 8 0 0 0 1438.763874 
160 1981 3 9 0 0 0 1405.801714 
161 1981 3 10 0 0 0 1313.204904 
162 1981 3 11 0 0 0 1245.855141 
163 1981 3 12 0 0 0 1248.547715 
164 1981 3 13 0 0 0 1242.406140 
165 1981 3 14 0 0 0 1226.285196 
166 1981 3 15 0 0 0 1204.975519 
167 1981 3 16 0 0 0 1195.554476 
168 1981 3 17 0 0 0 1380.818683 
169 1981 3 18 0 0 0 1502.962195 
170 1981 3 19 0 0 0 1496.406221 
171 1981 3 20 0 0 0 1465.925477 
172 1981 3 21 0 0 0 1548.138362 
173 1981 3 22 0 0 0 1599.536386 
174 1981 3 23 0 0 0 1591.490893 
175 1981 3 24 0 0 0 1722.650661 
176 1981 3 25 0 0 0 1986.986092 
177 1981 3 26 0 0 0 2031.865657 
178 1981 3 27 0 0 0 1964.329403 
179 1981 3 28 0 0 0 1987.990338 
180 1981 3 29 0 0 0 1911.662174 
181 1981 3 30 0 0 0 2062.240804 
182 1981 3 31 0 0 0 2338.525168 
183 1981 4 1 0 0 0 2374.956922 
184 1981 4 2 0 0 0 2281.796746 
185 1981 4 3 0 0 0 2154.171925 
186 1981 4 4 0 0 0 2284.505818 
187 1981 4 5 0 0 0 2400.010345 
188 1981 4 6 0 0 0 2388.267069 
189 1981 4 7 0 0 0 2463.437262 
190 1981 4 8 0 0 0 2595.180645 
191 1981 4 9 0 0 0 2782.704135 
192 1981 4 10 0 0 0 2710.758280 
193 1981 4 11 0 0 0 2501.736445 
194 1981 4 12 0 0 0 2301.441305 
195 1981 4 13 0 0 0 2167.818648 
196 1981 4 14 0 0 0 2084.462149 
197 1981 4 15 0 0 0 2037.024005 
198 1981 4 16 0 0 0 2109.728507 
199 1981 4 17 0 0 0 2342.441602 
200 1981 4 18 0 0 0 2525.486263 
201 1981 4 19 0 0 0 2664.941652 
202 1981 4 20 0 0 0 2718.023869 
203 1981 4 21 0 0 0 2757.655497 
204 1981 4 22 0 0 0 3005.092913 
205 1981 4 23 0 0 0 3557.874645 
206 1981 4 24 0 0 0 3801.872130 
207 1981 4 25 0 0 0 3689.903490 
208 1981 4 26 0 0 0 3399.742384 
209 1981 4 27 0 0 0 3095.982354 
210 1981 4 28 0 0 0 2881.523430 
211 1981 4 29 0 0 0 2756.724616 
212 1981 4 30 0 0 0 2683.900443 
213 1981 5 1 0 0 0 2653.205539 
214 1981 5 2 0 0 0 2784.497607 
215 1981 5 3 0 0 0 3258.574289 
216 1981 5 4 0 0 0 4382.109139 
217 1981 5 5 0 0 0 5227.811984 
218 1981 5 6 0 0 0 5738.145910 
219 1981 5 7 0 0 0 5930.107347 
220 1981 5 8 0 0 0 5561.109553 
221 1981 5 9 0 0 0 4890.498358 
222 1981 5 10 0 0 0 4252.342391 
223 1981 5 11 0 0 0 3729.239236 
224 1981 5 12 0 0 0 3599.023153 
225 1981 5 13 0 0 0 3444.544960 
226 1981 5 14 0 0 0 3299.535171 
227 1981 5 15 0 0 0 3183.271701 
228 1981 5 16 0 0 0 3160.541169 
229 1981 5 17 0 0 0 3452.545004 
230 1981 5 18 0 0 0 3999.481859 
231 1981 5 19 0 0 0 4329.158982 
232 1981 5 20 0 0 0 4365.633758 
233 1981 5 21 0 0 0 4211.349608 
234 1981 5 22 0 0 0 4135.841851 
235 1981 5 23 0 0 0 4329.857508 
236 1981 5 24 0 0 0 4576.711743 
237 1981 5 25 0 0 0 4651.818378 
238 1981 5 26 0 0 0 4540.518262 
239 1981 5 27 0 0 0 4325.176245 
240 1981 5 28 0 0 0 4106.936601 
241 1981 5 29 0 0 0 4219.592361 
242 1981 5 30 0 0 0 4335.347842 
243 1981 5 31 0 0 0 4455.555713 
244 1981 6 1 0 0 0 4455.870850 
245 1981 6 2 0 0 0 4288.598062 
246 1981 6 3 0 0 0 4162.333584 
247 1981 6 4 0 0 0 4079.376418 
248 1981 6 5 0 0 0 3879.120447 
249 1981 6 6 0 0 0 3692.679760 
250 1981 6 7 0 0 0 3613.694717 
251 1981 6 8 0 0 0 3491.835284 
252 1981 6 9 0 0 0 3355.262176 
253 1981 6 10 0 0 0 3254.713135 
254 1981 6 11 0 0 0 3165.044825 
255 1981 6 12 0 0 0 3069.167686 
256 1981 6 13 0 0 0 2989.564474 
257 1981 6 14 0 0 0 2925.378248 
258 1981 6 15 0 0 0 2869.565305 
259 1981 6 16 0 0 0 2818.867225 
260 1981 6 17 0 0 0 2771.328989 
261 1981 6 18 0 0 0 2725.859199 
262 1981 6 19 0 0 0 2681.852810 
263 1981 6 20 0 0 0 2639.186941 
264 1981 6 21 0 0 0 2597.632111 
265 1981 6 22 0 0 0 2559.093670 
266 1981 6 23 0 0 0 2543.487894 
267 1981 6 24 0 0 0 2503.099746 
268 1981 6 25 0 0 0 2466.820128 
269 1981 6 26 0 0 0 2426.329494 
270 1981 6 27 0 0 0 2449.684648 
271 1981 6 28 0 0 0 2649.832254 
272 1981 6 29 0 0 0 2804.613041 
273 1981 6 30 0 0 0 2804.427003 
274 1981 7 1 0 0 0 2741.518013 
275 1981 7 2 0 0 0 2773.724872 
276 1981 7 3 0 0 0 2764.805877 
277 1981 7 4 0 0 0 2679.804861 
278 1981 7 5 0 0 0 2603.241553 
279 1981 7 6 0 0 0 2485.032282 
280 1981 7 7 0 0 0 2329.859391 
281 1981 7 8 0 0 0 2208.288004 
282 1981 7 9 0 0 0 2142.717039 
283 1981 7 10 0 0 0 2153.714608 
284 1981 7 11 0 0 0 2135.756015 
285 1981 7 12 0 0 0 2250.576340 
286 1981 7 13 0 0 0 2400.406315 
287 1981 7 14 0 0 0 2398.346570 
288 1981 7 15 0 0 0 2309.108501 
289 1981 7 16 0 0 0 2191.065838 
290 1981 7 17 0 0 0 2153.220308 
291 1981 7 18 0 0 0 2097.137295 
292 1981 7 19 0 0 0 2074.852063 
293 1981 7 20 0 0 0 2049.249295 
294 1981 7 21 0 0 0 1981.422707 
295 1981 7 22 0 0 0 1888.314418 
296 1981 7 23 0 0 0 1806.009835 
297 1981 7 24 0 0 0 1786.637045 
298 1981 7 25 0 0 0 1822.770598 
299 1981 7 26 0 0 0 2026.826426 
300 1981 7 27 0 0 0 2242.914381 
301 1981 7 28 0 0 0 2298.111918 
302 1981 7 29 0 0 0 2245.506075 
303 1981 7 30 0 0 0 2117.270802 
304 1981 7 31 0 0 0 1963.297511 
305 1981 8 1 0 0 0 1828.382688 
306 1981 8 2 0 0 0 1730.040239 
307 1981 8 3 0 0 0 1658.629749 
308 1981 8 4 0 0 0 1601.538517 
309 1981 8 5 0 0 0 1556.008056 
310 1981 8 6 0 0 0 1521.056853 
311 1981 8 7 0 0 0 1493.047232 
312 1981 8 8 0 0 0 1468.488935 
313 1981 8 9 0 0 0 1446.697455 
314 1981 8 10 0 0 0 1436.594837 
315 1981 8 11 0 0 0 1434.904043 
316 1981 8 12 0 0 0 1499.815682 
317 1981 8 13 0 0 0 1672.899463 
318 1981 8 14 0 0 0 1709.568677 
319 1981 8 15 0 0 0 1687.571362 
320 1981 8 16 0 0 0 1637.114930 
321 1981 8 17 0 0 0 1532.240748 
322 1981 8 18 0 0 0 1416.805133 
323 1981 8 19 0 0 0 1325.120586 
324 1981 8 20 0 0 0 1262.490063 
325 1981 8 21 0 0 0 1223.494783 
326 1981 8 22 0 0 0 1205.890878 
327 1981 8 23 0 0 0 1199.713343 
328 1981 8 24 0 0 0 1200.721064 
329 1981 8 25 0 0 0 1203.054539 
330 1981 8 26 0 0 0 1245.394541 
331 1981 8 27 0 0 0 1235.327333 
332 1981 8 28 0 0 0 1212.934495 
333 1981 8 29 0 0 0 1204.020143 
334 1981 8 30 0 0 0 1175.573686 
335 1981 8 31 0 0 0 1191.676683 
336 1981 9 1 0 0 0 1206.751055 
337 1981 9 2 0 0 0 1314.679401 
338 1981 9 3 0 0 0 1413.476069 
339 1981 9 4 0 0 0 1445.279088 
340 1981 9 5 0 0 0 1405.734749 
341 1981 9 6 0 0 0 1537.442003 
342 1981 9 7 0 0 0 1543.190702 
343 1981 9 8 0 0 0 1505.996119 
344 1981 9 9 0 0 0 1450.379343 
345 1981 9 10 0 0 0 1349.361252 
346 1981 9 11 0 0 0 1263.493153 
347 1981 9 12 0 0 0 1206.582325 
348 1981 9 13 0 0 0 1186.316446 
349 1981 9 14 0 0 0 1193.310736 
350 1981 9 15 0 0 0 1183.102178 
351 1981 9 16 0 0 0 1150.950883 
352 1981 9 17 0 0 0 1092.371398 
353 1981 9 18 0 0 0 1023.275592 
354 1981 9 19 0 0 0 964.046480 
355 1981 9 20 0 0 0 926.123837 
356 1981 9 21 0 0 0 916.289003 
357 1981 9 22 0 0 0 910.989727 
358 1981 9 23 0 0 0 896.980108 
359 1981 9 24 0 0 0 880.654500 
360 1981 9 25 0 0 0 871.138324 
361 1981 9 26 0 0 0 862.356220 
362 1981 9 27 0 0 0 856.401572 
363 1981 9 28 0 0 0 846.200410 
364 1981 9 29 0 0 0 825.418897 
365 1981 9 30 0 0 0 799.820860 
366 1981 10 1 0 0 0 775.859068 
367 1981 10 2 0 0 0 771.330465 
368 1981 10 3 0 0 0 898.805806 
369 1981 10 4 0 0 0 1222.608549 
370 1981 10 5 0 0 0 1636.416711 
371 1981 10 6 0 0 0 1871.882017 
372 1981 10 7 0 0 0 1911.577089 
373 1981 10 8 0 0 0 1824.627019 
374 1981 10 9 0 0 0 1952.398713 
375 1981 10 10 0 0 0 1956.281275 
376 1981 10 11 0 0 0 1981.519630 
377 1981 10 12 0 0 0 2400.206946 
378 1981 10 13 0 0 0 2867.730823 
379 1981 10 14 0 0 0 3032.935549 
380 1981 10 15 0 0 0 3092.560260 
381 1981 10 16 0 0 0 3497.750077 
382 1981 10 17 0 0 0 3693.024695 
383 1981 10 18 0 0 0 3639.861159 
384 1981 10 19 0 0 0 3387.122157 
385 1981 10 20 0 0 0 2950.494170 
386 1981 10 21 0 0 0 2491.170775 
387 1981 10 22 0 0 0 2136.890586 
388 1981 10 23 0 0 0 1912.214755 
389 1981 10 24 0 0 0 1845.039605 
390 1981 10 25 0 0 0 2052.325171 
391 1981 10 26 0 0 0 2213.951028 
392 1981 10 27 0 0 0 2198.488659 
393 1981 10 28 0 0 0 2093.356236 
394 1981 10 29 0 0 0 2022.794715 
395 1981 10 30 0 0 0 2352.630744 
396 1981 10 31 0 0 0 2679.338777 
397 1981 11 1 0 0 0 2854.937658 
398 1981 11 2 0 0 0 2821.292122 
399 1981 11 3 0 0 0 2608.878105 
400 1981 11 4 0 0 0 2319.452186 
401 1981 11 5 0 0 0 2082.644654 
402 1981 11 6 0 0 0 1929.284893 
403 1981 11 7 0 0 0 1838.895009 
404 1981 11 8 0 0 0 1804.821613 
405 1981 11 9 0 0 0 1805.856400 
406 1981 11 10 0 0 0 1799.458590 
407 1981 11 11 0 0 0 1772.110494 
408 1981 11 12 0 0 0 1730.081083 
409 1981 11 13 0 0 0 1683.059323 
410 1981 11 14 0 0 0 1640.958065 
411 1981 11 15 0 0 0 1618.010296 
412 1981 11 16 0 0 0 1612.128364 
413 1981 11 17 0 0 0 1605.583868 
414 1981 11 18 0 0 0 1608.501055 
415 1981 11 19 0 0 0 1850.585555 
416 1981 11 20 0 0 0 2076.970502 
417 1981 11 21 0 0 0 2204.128630 
418 1981 11 22 0 0 0 2113.438848 
419 1981 11 23 0 0 0 1971.244186 
420 1981 11 24 0 0 0 1926.137571 
421 1981 11 25 0 0 0 2071.313134 
422 1981 11 26 0 0 0 2336.424317 
423 1981 11 27 0 0 0 2478.703677 
424 1981 11 28 0 0 0 2455.279983 
425 1981 11 29 0 0 0 2289.741503 
426 1981 11 30 0 0 0 2075.138647 
427 1981 12 1 0 0 0 1894.277116 
428 1981 12 2 0 0 0 1771.871151 
429 1981 12 3 0 0 0 1695.673760 
430 1981 12 4 0 0 0 1646.692768 
431 1981 12 5 0 0 0 1611.271585 
432 1981 12 6 0 0 0 1582.044950 
433 1981 12 7 0 0 0 1555.743075 
434 1981 12 8 0 0 0 1531.556211 
435 1981 12 9 0 0 0 1509.329573 
436 1981 12 10 0 0 0 1489.576817 
437 1981 12 11 0 0 0 1469.968456 
438 1981 12 12 0 0 0 1449.782699 
439 1981 12 13 0 0 0 1432.363582 
440 1981 12 14 0 0 0 1417.260670 
441 1981 12 15 0 0 0 1407.299125 
442 1981 12 16 0 0 0 1443.790699 
443 1981 12 17 0 0 0 1449.997615 
444 1981 12 18 0 0 0 1448.925333 
445 1981 12 19 0 0 0 1424.848662 
446 1981 12 20 0 0 0 1412.732529 
447 1981 12 21 0 0 0 1503.608223 
448 1981 12 22 0 0 0 1870.130122 
449 1981 12 23 0 0 0 2137.206596 
450 1981 12 24 0 0 0 2232.719183 
451 1981 12 25 0 0 0 2094.175529 
452 1981 12 26 0 0 0 1907.351758 
453 1981 12 27 0 0 0 1753.516007 
454 1981 12 28 0 0 0 1645.109705 
455 1981 12 29 0 0 0 1573.751525 
456 1981 12 30 0 0 0 1553.302912 
457 1981 12 31 0 0 0 1863.623028 
458 1982 1 1 0 0 0 1894.776390 
459 1982 1 2 0 0 0 1824.580843 
460 1982 1 3 0 0 0 1747.264253 
461 1982 1 4 0 0 0 1661.735126 
462 1982 1 5 0 0 0 1588.807292 
463 1982 1 6 0 0 0 1533.933795 
464 1982 1 7 0 0 0 1493.045444 
465 1982 1 8 0 0 0 1460.867746 
466 1982 1 9 0 0 0 1433.662177 
467 1982 1 10 0 0 0 1409.258329 
468 1982 1 11 0 0 0 1386.485522 
469 1982 1 12 0 0 0 1364.723769 
470 1982 1 13 0 0 0 1343.642547 
471 1982 1 14 0 0 0 1323.062620 
472 1982 1 15 0 0 0 1302.884845 
473 1982 1 16 0 0 0 1283.053283 
474 1982 1 17 0 0 0 1263.535748 
475 1982 1 18 0 0 0 1244.313306 
476 1982 1 19 0 0 0 1225.374523 
477 1982 1 20 0 0 0 1206.712158 
478 1982 1 21 0 0 0 1188.321325 
479 1982 1 22 0 0 0 1170.198436 
480 1982 1 23 0 0 0 1152.340548 
481 1982 1 24 0 0 0 1134.745016 
482 1982 1 25 0 0 0 1117.409314 
483 1982 1 26 0 0 0 1100.330892 
484 1982 1 27 0 0 0 1083.507151 
485 1982 1 28 0 0 0 1066.935394 
486 1982 1 29 0 0 0 1050.612860 
487 1982 1 30 0 0 0 1034.536675 
488 1982 1 31 0 0 0 1018.703907 
489 1982 2 1 0 0 0 1003.111549 
490 1982 2 2 0 0 0 987.756543 
491 1982 2 3 0 0 0 972.635786 
492 1982 2 4 0 0 0 957.746151 
493 1982 2 5 0 0 0 943.084489 
494 1982 2 6 0 0 0 928.647641 
495 1982 2 7 0 0 0 914.432446 
496 1982 2 8 0 0 0 900.435741 
497 1982 2 9 0 0 0 886.654388 
498 1982 2 10 0 0 0 873.085241 
499 1982 2 11 0 0 0 859.725196 
500 1982 2 12 0 0 0 846.571156 
501 1982 2 13 0 0 0 833.620048 
502 1982 2 14 0 0 0 820.868847 
503 1982 2 15 0 0 0 808.314560 
504 1982 2 16 0 0 0 796.405192 
505 1982 2 17 0 0 0 790.670183 
506 1982 2 18 0 0 0 779.464874 
507 1982 2 19 0 0 0 767.266626 
508 1982 2 20 0 0 0 755.445213 
509 1982 2 21 0 0 0 743.906324 
510 1982 2 22 0 0 0 732.713338 
511 1982 2 23 0 0 0 724.299215 
512 1982 2 24 0 0 0 718.225139 
513 1982 2 25 0 0 0 708.708369 
514 1982 2 26 0 0 0 698.108073 
515 1982 2 27 0 0 0 688.751089 
516 1982 2 28 0 0 0 693.562760 
517 1982 3 1 0 0 0 780.790467 
518 1982 3 2 0 0 0 1191.253210 
519 1982 3 3 0 0 0 1626.715503 
520 1982 3 4 0 0 0 1944.638310 
521 1982 3 5 0 0 0 1863.922717 
522 1982 3 6 0 0 0 1679.089142 
523 1982 3 7 0 0 0 1444.481753 
524 1982 3 8 0 0 0 1246.261008 
525 1982 3 9 0 0 0 1110.385501 
526 1982 3 10 0 0 0 1024.097442 
527 1982 3 11 0 0 0 991.401575 
528 1982 3 12 0 0 0 1118.632258 
529 1982 3 13 0 0 0 1203.464617 
530 1982 3 14 0 0 0 1175.924092 
531 1982 3 15 0 0 0 1153.531049 
532 1982 3 16 0 0 0 1341.326585 
533 1982 3 17 0 0 0 1448.966784 
534 1982 3 18 0 0 0 1718.582989 
535 1982 3 19 0 0 0 1786.732177 
536 1982 3 20 0 0 0 1750.165899 
537 1982 3 21 0 0 0 1641.207527 
538 1982 3 22 0 0 0 1529.366599 
539 1982 3 23 0 0 0 1431.063542 
540 1982 3 24 0 0 0 1355.976826 
541 1982 3 25 0 0 0 1303.815372 
542 1982 3 26 0 0 0 1311.610976 
543 1982 3 27 0 0 0 1381.046198 
544 1982 3 28 0 0 0 1492.450817 
545 1982 3 29 0 0 0 1740.633048 
546 1982 3 30 0 0 0 1896.196674 
547 1982 3 31 0 0 0 1920.287972 
548 1982 4 1 0 0 0 1828.981441 
549 1982 4 2 0 0 0 1752.623906 
550 1982 4 3 0 0 0 1639.819699 
551 1982 4 4 0 0 0 1553.356187 
552 1982 4 5 0 0 0 1520.218870 
553 1982 4 6 0 0 0 1500.352754 
554 1982 4 7 0 0 0 1532.556759 
555 1982 4 8 0 0 0 1552.855292 
556 1982 4 9 0 0 0 1515.538714 
557 1982 4 10 0 0 0 1468.819144 
558 1982 4 11 0 0 0 1437.330068 
559 1982 4 12 0 0 0 1606.785923 
560 1982 4 13 0 0 0 2429.342261 
561 1982 4 14 0 0 0 3491.141450 
562 1982 4 15 0 0 0 4050.641869 
563 1982 4 16 0 0 0 4178.404495 
564 1982 4 17 0 0 0 3988.945833 
565 1982 4 18 0 0 0 3496.640119 
566 1982 4 19 0 0 0 2952.380735 
567 1982 4 20 0 0 0 2518.370706 
568 1982 4 21 0 0 0 2221.290467 
569 1982 4 22 0 0 0 2038.714853 
570 1982 4 23 0 0 0 1931.447076 
571 1982 4 24 0 0 0 1872.610506 
572 1982 4 25 0 0 0 1866.096528 
573 1982 4 26 0 0 0 2033.202779 
574 1982 4 27 0 0 0 2755.364659 
575 1982 4 28 0 0 0 4320.010712 
576 1982 4 29 0 0 0 5697.861116 
577 1982 4 30 0 0 0 6304.197868 
578 1982 5 1 0 0 0 6513.431795 
579 1982 5 2 0 0 0 6296.483596 
580 1982 5 3 0 0 0 5974.289466 
581 1982 5 4 0 0 0 6223.666034 
582 1982 5 5 0 0 0 6903.600301 
583 1982 5 6 0 0 0 7189.197016 
584 1982 5 7 0 0 0 6854.739217 
585 1982 5 8 0 0 0 6011.927566 
586 1982 5 9 0 0 0 5057.265629 
587 1982 5 10 0 0 0 4453.306641 
588 1982 5 11 0 0 0 4270.370471 
589 1982 5 12 0 0 0 4394.074744 
590 1982 5 13 0 0 0 5202.800531 
591 1982 5 14 0 0 0 6663.909127 
592 1982 5 15 0 0 0 7834.957122 
593 1982 5 16 0 0 0 8330.769457 
594 1982 5 17 0 0 0 8295.893710 
595 1982 5 18 0 0 0 7799.055027 
596 1982 5 19 0 0 0 7183.302780 
597 1982 5 20 0 0 0 6870.815352 
598 1982 5 21 0 0 0 6794.616474 
599 1982 5 22 0 0 0 6668.933613 
600 1982 5 23 0 0 0 6308.769050 
601 1982 5 24 0 0 0 5864.773643 
602 1982 5 25 0 0 0 5653.037667 
603 1982 5 26 0 0 0 5637.752463 
604 1982 5 27 0 0 0 5768.715449 
605 1982 5 28 0 0 0 5987.610706 
606 1982 5 29 0 0 0 6100.558238 
607 1982 5 30 0 0 0 6058.865163 
608 1982 5 31 0 0 0 6126.829255 
609 1982 6 1 0 0 0 6261.336239 
610 1982 6 2 0 0 0 6396.741801 
611 1982 6 3 0 0 0 6320.267000 
612 1982 6 4 0 0 0 6081.980638 
613 1982 6 5 0 0 0 5814.002590 
614 1982 6 6 0 0 0 5529.774671 
615 1982 6 7 0 0 0 5269.949220 
616 1982 6 8 0 0 0 5038.469072 
617 1982 6 9 0 0 0 4834.803983 
618 1982 6 10 0 0 0 4658.043376 
619 1982 6 11 0 0 0 4509.947267 
620 1982 6 12 0 0 0 4399.572733 
621 1982 6 13 0 0 0 4343.630243 
622 1982 6 14 0 0 0 4323.432795 
623 1982 6 15 0 0 0 4438.469425 
624 1982 6 16 0 0 0 4604.606049 
625 1982 6 17 0 0 0 4804.857694 
626 1982 6 18 0 0 0 5044.355762 
627 1982 6 19 0 0 0 5274.028256 
628 1982 6 20 0 0 0 5397.226739 
629 1982 6 21 0 0 0 5355.453838 
630 1982 6 22 0 0 0 5241.026022 
631 1982 6 23 0 0 0 5158.079597 
632 1982 6 24 0 0 0 5200.559833 
633 1982 6 25 0 0 0 5416.382483 
634 1982 6 26 0 0 0 5564.973156 
635 1982 6 27 0 0 0 5583.708675 
636 1982 6 28 0 0 0 5547.637768 
637 1982 6 29 0 0 0 5429.956898 
638 1982 6 30 0 0 0 5216.925718 
639 1982 7 1 0 0 0 5022.624014 
640 1982 7 2 0 0 0 4919.288028 
641 1982 7 3 0 0 0 4770.657830 
642 1982 7 4 0 0 0 4633.021497 
643 1982 7 5 0 0 0 4531.281410 
644 1982 7 6 0 0 0 4543.869854 
645 1982 7 7 0 0 0 4415.772179 
646 1982 7 8 0 0 0 4308.562260 
647 1982 7 9 0 0 0 4271.390849 
648 1982 7 10 0 0 0 4204.210006 
649 1982 7 11 0 0 0 4149.093458 
650 1982 7 12 0 0 0 4096.768937 
651 1982 7 13 0 0 0 4037.224452 
652 1982 7 14 0 0 0 3986.056996 
653 1982 7 15 0 0 0 3937.579550 
654 1982 7 16 0 0 0 3872.312808 
655 1982 7 17 0 0 0 3803.901026 
656 1982 7 18 0 0 0 3736.644545 
657 1982 7 19 0 0 0 3667.266480 
658 1982 7 20 0 0 0 3594.771124 
659 1982 7 21 0 0 0 3531.962182 
660 1982 7 22 0 0 0 3483.426321 
661 1982 7 23 0 0 0 3441.400367 
662 1982 7 24 0 0 0 3423.642314 
663 1982 7 25 0 0 0 3406.553517 
664 1982 7 26 0 0 0 3395.457301 
665 1982 7 27 0 0 0 3446.620395 
666 1982 7 28 0 0 0 3660.712479 
667 1982 7 29 0 0 0 3904.661299 
668 1982 7 30 0 0 0 4045.414405 
669 1982 7 31 0 0 0 4092.415035 
670 1982 8 1 0 0 0 4029.935055 
671 1982 8 2 0 0 0 3855.152485 
672 1982 8 3 0 0 0 3718.746872 
673 1982 8 4 0 0 0 3500.013103 
674 1982 8 5 0 0 0 3326.456795 
675 1982 8 6 0 0 0 3214.137693 
676 1982 8 7 0 0 0 3127.956667 
677 1982 8 8 0 0 0 3070.413172 
678 1982 8 9 0 0 0 3100.726006 
679 1982 8 10 0 0 0 3130.405290 
680 1982 8 11 0 0 0 3068.236354 
681 1982 8 12 0 0 0 3017.436638 
682 1982 8 13 0 0 0 3035.354669 
683 1982 8 14 0 0 0 3100.243038 
684 1982 8 15 0 0 0 3013.534790 
685 1982 8 16 0 0 0 2924.748963 
686 1982 8 17 0 0 0 2911.023823 
687 1982 8 18 0 0 0 2867.208403 
688 1982 8 19 0 0 0 2798.461810 
689 1982 8 20 0 0 0 2729.981765 
690 1982 8 21 0 0 0 2666.632778 
691 1982 8 22 0 0 0 2637.863583 
692 1982 8 23 0 0 0 2601.178380 
693 1982 8 24 0 0 0 2551.438424 
694 1982 8 25 0 0 0 2504.519211 
695 1982 8 26 0 0 0 2463.769232 
696 1982 8 27 0 0 0 2483.439287 
697 1982 8 28 0 0 0 2472.256174 
698 1982 8 29 0 0 0 2478.357283 
699 1982 8 30 0 0 0 2436.248303 
700 1982 8 31 0 0 0 2375.256934 
701 1982 9 1 0 0 0 2309.086500 
702 1982 9 2 0 0 0 2240.934343 
703 1982 9 3 0 0 0 2181.854252 
704 1982 9 4 0 0 0 2142.930684 
705 1982 9 5 0 0 0 2166.804048 
706 1982 9 6 0 0 0 2191.710741 
707 1982 9 7 0 0 0 2150.909756 
708 1982 9 8 0 0 0 2150.812408 
709 1982 9 9 0 0 0 2112.467384 
710 1982 9 10 0 0 0 2091.972124 
711 1982 9 11 0 0 0 2137.919083 
712 1982 9 12 0 0 0 2358.862052 
713 1982 9 13 0 0 0 2605.382110 
714 1982 9 14 0 0 0 2958.863136 
715 1982 9 15 0 0 0 3088.020719 
716 1982 9 16 0 0 0 3058.640594 
717 1982 9 17 0 0 0 2874.945045 
718 1982 9 18 0 0 0 2654.199483 
719 1982 9 19 0 0 0 2475.581073 
720 1982 9 20 0 0 0 2342.485503 
721 1982 9 21 0 0 0 2264.479641 
722 1982 9 22 0 0 0 2198.909955 
723 1982 9 23 0 0 0 2139.759421 
724 1982 9 24 0 0 0 2114.227008 
725 1982 9 25 0 0 0 2137.998883 
726 1982 9 26 0 0 0 2166.203766 
727 1982 9 27 0 0 0 2287.505901 
728 1982 9 28 0 0 0 2408.696032 
729 1982 9 29 0 0 0 2462.235189 
730 1982 9 30 0 0 0 2563.313811 
731 1982 10 1 0 0 0 2705.673499 
732 1982 10 2 0 0 0 2697.283039 
733 1982 10 3 0 0 0 2629.346537 
734 1982 10 4 0 0 0 2546.345664 
735 1982 10 5 0 0 0 2481.770610 
736 1982 10 6 0 0 0 2494.761748 
737 1982 10 7 0 0 0 2421.514678 
738 1982 10 8 0 0 0 2416.205837 
739 1982 10 9 0 0 0 2514.288458 
740 1982 10 10 0 0 0 2639.551750 
741 1982 10 11 0 0 0 2732.740469 
742 1982 10 12 0 0 0 2668.432693 
743 1982 10 13 0 0 0 2532.845954 
744 1982 10 14 0 0 0 2404.024629 
745 1982 10 15 0 0 0 2307.399807 
746 1982 10 16 0 0 0 2248.142290 
747 1982 10 17 0 0 0 2203.274711 
748 1982 10 18 0 0 0 2157.565213 
749 1982 10 19 0 0 0 2114.194560 
750 1982 10 20 0 0 0 2088.203891 
751 1982 10 21 0 0 0 2060.628685 
752 1982 10 22 0 0 0 2032.670113 
753 1982 10 23 0 0 0 2001.393849 
754 1982 10 24 0 0 0 1967.385067 
755 1982 10 25 0 0 0 1945.323697 
756 1982 10 26 0 0 0 1948.414808 
757 1982 10 27 0 0 0 2131.110971 
758 1982 10 28 0 0 0 2925.802717 
759 1982 10 29 0 0 0 3536.711022 
760 1982 10 30 0 0 0 3807.906657 
761 1982 10 31 0 0 0 4056.322377 
762 1982 11 1 0 0 0 4443.540503 
763 1982 11 2 0 0 0 4540.580732 
764 1982 11 3 0 0 0 4301.621104 
765 1982 11 4 0 0 0 3825.371129 
766 1982 11 5 0 0 0 3327.951800 
767 1982 11 6 0 0 0 2915.080097 
768 1982 11 7 0 0 0 2629.261666 
769 1982 11 8 0 0 0 2456.577274 
770 1982 11 9 0 0 0 2398.181531 
771 1982 11 10 0 0 0 2476.348061 
772 1982 11 11 0 0 0 2781.088115 
773 1982 11 12 0 0 0 3129.236767 
774 1982 11 13 0 0 0 3218.157561 
775 1982 11 14 0 0 0 3085.501511 
776 1982 11 15 0 0 0 2860.685049 
777 1982 11 16 0 0 0 2633.639789 
778 1982 11 17 0 0 0 2463.540930 
779 1982 11 18 0 0 0 2354.957830 
780 1982 11 19 0 0 0 2302.518002 
781 1982 11 20 0 0 0 2397.447232 
782 1982 11 21 0 0 0 2392.941093 
783 1982 11 22 0 0 0 2336.369255 
784 1982 11 23 0 0 0 2282.971636 
785 1982 11 24 0 0 0 2231.678476 
786 1982 11 25 0 0 0 2184.421421 
787 1982 11 26 0 0 0 2142.178767 
788 1982 11 27 0 0 0 2104.131785 
789 1982 11 28 0 0 0 2069.000416 
790 1982 11 29 0 0 0 2035.773624 
791 1982 11 30 0 0 0 2003.815880 
792 1982 12 1 0 0 0 1972.759698 
793 1982 12 2 0 0 0 1942.397055 
794 1982 12 3 0 0 0 1912.609615 
795 1982 12 4 0 0 0 1883.329054 
796 1982 12 5 0 0 0 1854.515104 
797 1982 12 6 0 0 0 1826.143286 
798 1982 12 7 0 0 0 1798.198108 
799 1982 12 8 0 0 0 1770.669213 
800 1982 12 9 0 0 0 1743.557998 
801 1982 12 10 0 0 0 1717.040852 
802 1982 12 11 0 0 0 1691.202753 
803 1982 12 12 0 0 0 1665.657423 
804 1982 12 13 0 0 0 1640.767251 
805 1982 12 14 0 0 0 1616.461480 
806 1982 12 15 0 0 0 1592.345143 
807 1982 12 16 0 0 0 1568.270529 
808 1982 12 17 0 0 0 1544.554749 
809 1982 12 18 0 0 0 1523.517740 
810 1982 12 19 0 0 0 1501.481322 
811 1982 12 20 0 0 0 1479.162780 
812 1982 12 21 0 0 0 1457.052970 
813 1982 12 22 0 0 0 1435.256879 
814 1982 12 23 0 0 0 1413.592650 
815 1982 12 24 0 0 0 1391.999203 
816 1982 12 25 0 0 0 1370.670441 
817 1982 12 26 0 0 0 1349.648036 
818 1982 12 27 0 0 0 1328.943204 
819 1982 12 28 0 0 0 1308.556400 
820 1982 12 29 0 0 0 1288.484439 
821 1982 12 30 0 0 0 1268.723054 
822 1982 12 31 0 0 0 1249.267694 
823 1983 1 1 0 0 0 1230.113771 
824 1983 1 2 0 0 0 1211.256700 
825 1983 1 3 0 0 0 1192.691968 
826 1983 1 4 0 0 0 1174.415099 
827 1983 1 5 0 0 0 1156.421673 
828 1983 1 6 0 0 0 1138.707325 
829 1983 1 7 0 0 0 1121.268879 
830 1983 1 8 0 0 0 1104.102355 
831 1983 1 9 0 0 0 1087.199631 
832 1983 1 10 0 0 0 1070.559085 
833 1983 1 11 0 0 0 1054.176678 
834 1983 1 12 0 0 0 1038.048391 
835 1983 1 13 0 0 0 1022.170270 
836 1983 1 14 0 0 0 1006.538417 
837 1983 1 15 0 0 0 991.148989 
838 1983 1 16 0 0 0 975.998192 
839 1983 1 17 0 0 0 961.082315 
840 1983 1 18 0 0 0 946.397683 
841 1983 1 19 0 0 0 931.940686 
842 1983 1 20 0 0 0 917.707751 
843 1983 1 21 0 0 0 903.695376 
844 1983 1 22 0 0 0 889.900110 
845 1983 1 23 0 0 0 876.318559 
846 1983 1 24 0 0 0 862.947375 
847 1983 1 25 0 0 0 849.783260 
848 1983 1 26 0 0 0 836.822970 
849 1983 1 27 0 0 0 824.063320 
850 1983 1 28 0 0 0 811.501156 
851 1983 1 29 0 0 0 799.133389 
852 1983 1 30 0 0 0 786.956973 
853 1983 1 31 0 0 0 774.968912 
854 1983 2 1 0 0 0 763.166254 
855 1983 2 2 0 0 0 751.546091 
856 1983 2 3 0 0 0 740.105566 
857 1983 2 4 0 0 0 728.841863 
858 1983 2 5 0 0 0 717.752217 
859 1983 2 6 0 0 0 706.833897 
860 1983 2 7 0 0 0 696.084224 
861 1983 2 8 0 0 0 685.500550 
862 1983 2 9 0 0 0 675.083672 
863 1983 2 10 0 0 0 664.824361 
864 1983 2 11 0 0 0 654.729711 
865 1983 2 12 0 0 0 644.789071 
866 1983 2 13 0 0 0 634.992776 
867 1983 2 14 0 0 0 625.358879 
868 1983 2 15 0 0 0 615.878945 
869 1983 2 16 0 0 0 606.537937 
870 1983 2 17 0 0 0 597.341719 
871 1983 2 18 0 0 0 588.284619 
872 1983 2 19 0 0 0 579.610744 
873 1983 2 20 0 0 0 571.340743 
874 1983 2 21 0 0 0 562.390090 
875 1983 2 22 0 0 0 553.686892 
876 1983 2 23 0 0 0 545.248952 
877 1983 2 24 0 0 0 536.968014 
878 1983 2 25 0 0 0 529.113377 
879 1983 2 26 0 0 0 521.359527 
880 1983 2 27 0 0 0 514.305640 
881 1983 2 28 0 0 0 511.504981 
882 1983 3 1 0 0 0 529.678981 
883 1983 3 2 0 0 0 526.178379 
884 1983 3 3 0 0 0 522.821399 
885 1983 3 4 0 0 0 591.142736 
886 1983 3 5 0 0 0 908.635124 
887 1983 3 6 0 0 0 1414.196730 
888 1983 3 7 0 0 0 1588.632306 
889 1983 3 8 0 0 0 1590.262889 
890 1983 3 9 0 0 0 1411.588876 
891 1983 3 10 0 0 0 1217.778582 
892 1983 3 11 0 0 0 1113.868732 
893 1983 3 12 0 0 0 1181.838456 
894 1983 3 13 0 0 0 1654.703025 
895 1983 3 14 0 0 0 1797.384332 
896 1983 3 15 0 0 0 2424.784302 
897 1983 3 16 0 0 0 2921.266011 
898 1983 3 17 0 0 0 3039.463240 
899 1983 3 18 0 0 0 2896.447468 
900 1983 3 19 0 0 0 2617.068645 
901 1983 3 20 0 0 0 2233.069195 
902 1983 3 21 0 0 0 1882.979603 
903 1983 3 22 0 0 0 1640.040576 
904 1983 3 23 0 0 0 1495.494528 
905 1983 3 24 0 0 0 1433.775497 
906 1983 3 25 0 0 0 1460.513372 
907 1983 3 26 0 0 0 1438.158598 
908 1983 3 27 0 0 0 1403.767166 
909 1983 3 28 0 0 0 1373.461617 
910 1983 3 29 0 0 0 1391.199143 
911 1983 3 30 0 0 0 1374.780113 
912 1983 3 31 0 0 0 1359.570312 
913 1983 4 1 0 0 0 1398.356438 
914 1983 4 2 0 0 0 1421.025918 
915 1983 4 3 0 0 0 1410.591912 
916 1983 4 4 0 0 0 1502.487723 
917 1983 4 5 0 0 0 1450.596653 
918 1983 4 6 0 0 0 1384.101273 
919 1983 4 7 0 0 0 1336.603963 
920 1983 4 8 0 0 0 1302.391550 
921 1983 4 9 0 0 0 1277.034022 
922 1983 4 10 0 0 0 1288.439423 
923 1983 4 11 0 0 0 1281.258491 
924 1983 4 12 0 0 0 1323.032576 
925 1983 4 13 0 0 0 1311.993704 
926 1983 4 14 0 0 0 1282.326033 
927 1983 4 15 0 0 0 1254.013108 
928 1983 4 16 0 0 0 1229.252331 
929 1983 4 17 0 0 0 1206.348138 
930 1983 4 18 0 0 0 1185.109794 
931 1983 4 19 0 0 0 1173.049877 
932 1983 4 20 0 0 0 1199.841575 
933 1983 4 21 0 0 0 1415.885024 
934 1983 4 22 0 0 0 2321.562898 
935 1983 4 23 0 0 0 4215.583192 
936 1983 4 24 0 0 0 5296.784780 
937 1983 4 25 0 0 0 5114.898693 
938 1983 4 26 0 0 0 4670.494169 
939 1983 4 27 0 0 0 4205.432591 
940 1983 4 28 0 0 0 3820.285463 
941 1983 4 29 0 0 0 3978.284218 
942 1983 4 30 0 0 0 4849.505451 
943 1983 5 1 0 0 0 6656.801206 
944 1983 5 2 0 0 0 8453.613179 
945 1983 5 3 0 0 0 9315.085197 
946 1983 5 4 0 0 0 9265.084792 
947 1983 5 5 0 0 0 8557.537654 
948 1983 5 6 0 0 0 7653.958938 
949 1983 5 7 0 0 0 7188.067707 
950 1983 5 8 0 0 0 6952.022220 
951 1983 5 9 0 0 0 6599.832973 
952 1983 5 10 0 0 0 6030.461397 
953 1983 5 11 0 0 0 5451.987704 
954 1983 5 12 0 0 0 5227.302898 
955 1983 5 13 0 0 0 5357.827801 
956 1983 5 14 0 0 0 5493.543007 
957 1983 5 15 0 0 0 5540.170985 
958 1983 5 16 0 0 0 5450.038765 
959 1983 5 17 0 0 0 5815.007198 
960 1983 5 18 0 0 0 7043.718226 
961 1983 5 19 0 0 0 7969.643027 
962 1983 5 20 0 0 0 8134.624650 
963 1983 5 21 0 0 0 7775.984639 
964 1983 5 22 0 0 0 7086.612091 
965 1983 5 23 0 0 0 6426.966473 
966 1983 5 24 0 0 0 6034.340050 
967 1983 5 25 0 0 0 5779.719259 
968 1983 5 26 0 0 0 5654.121613 
969 1983 5 27 0 0 0 5669.166798 
970 1983 5 28 0 0 0 6057.124852 
971 1983 5 29 0 0 0 6698.154212 
972 1983 5 30 0 0 0 7340.210068 
973 1983 5 31 0 0 0 7915.742950 
974 1983 6 1 0 0 0 8377.748674 
975 1983 6 2 0 0 0 8683.337385 
976 1983 6 3 0 0 0 8933.346003 
977 1983 6 4 0 0 0 8787.110239 
978 1983 6 5 0 0 0 8273.977185 
979 1983 6 6 0 0 0 7658.233331 
980 1983 6 7 0 0 0 7121.933615 
981 1983 6 8 0 0 0 6739.522947 
982 1983 6 9 0 0 0 6451.039259 
983 1983 6 10 0 0 0 6242.398588 
984 1983 6 11 0 0 0 6114.471015 
985 1983 6 12 0 0 0 6042.299648 
986 1983 6 13 0 0 0 6213.016146 
987 1983 6 14 0 0 0 6273.287974 
988 1983 6 15 0 0 0 6232.816912 
989 1983 6 16 0 0 0 6100.502109 
990 1983 6 17 0 0 0 5864.109054 
991 1983 6 18 0 0 0 5593.377708 
992 1983 6 19 0 0 0 5354.438029 
993 1983 6 20 0 0 0 5181.473778 
994 1983 6 21 0 0 0 5073.309761 
995 1983 6 22 0 0 0 5022.250881 
996 1983 6 23 0 0 0 5046.100958 
997 1983 6 24 0 0 0 5159.350614 
998 1983 6 25 0 0 0 5414.501462 
999 1983 6 26 0 0 0 5634.733678 
1000 1983 6 27 0 0 0 6068.116806 
1001 1983 6 28 0 0 0 6556.571757 
1002 1983 6 29 0 0 0 6777.166259 
1003 1983 6 30 0 0 0 6740.063665 
1004 1983 7 1 0 0 0 6457.780818 
1005 1983 7 2 0 0 0 6069.854046 
1006 1983 7 3 0 0 0 5857.946862 
1007 1983 7 4 0 0 0 5548.766258 
1008 1983 7 5 0 0 0 5341.240956 
1009 1983 7 6 0 0 0 5228.423327 
1010 1983 7 7 0 0 0 5107.225713 
1011 1983 7 8 0 0 0 5001.172369 
1012 1983 7 9 0 0 0 4999.354162 
1013 1983 7 10 0 0 0 4987.343537 
1014 1983 7 11 0 0 0 4993.352563 
1015 1983 7 12 0 0 0 4973.154649 
1016 1983 7 13 0 0 0 4890.621861 
1017 1983 7 14 0 0 0 4752.550477 
1018 1983 7 15 0 0 0 4599.421656 
1019 1983 7 16 0 0 0 4461.275215 
1020 1983 7 17 0 0 0 4353.186824 
1021 1983 7 18 0 0 0 4276.278050 
1022 1983 7 19 0 0 0 4299.102173 
1023 1983 7 20 0 0 0 4253.555595 
1024 1983 7 21 0 0 0 4338.592356 
1025 1983 7 22 0 0 0 4572.982005 
1026 1983 7 23 0 0 0 4986.288873 
1027 1983 7 24 0 0 0 5102.453195 
1028 1983 7 25 0 0 0 5134.441237 
1029 1983 7 26 0 0 0 5258.294190 
1030 1983 7 27 0 0 0 5408.030034 
1031 1983 7 28 0 0 0 5266.193768 
1032 1983 7 29 0 0 0 5139.888681 
1033 1983 7 30 0 0 0 4991.185459 
1034 1983 7 31 0 0 0 4771.741688 
1035 1983 8 1 0 0 0 4568.475567 
1036 1983 8 2 0 0 0 4407.520918 
1037 1983 8 3 0 0 0 4285.699228 
1038 1983 8 4 0 0 0 4201.237224 
1039 1983 8 5 0 0 0 4200.997944 
1040 1983 8 6 0 0 0 4087.745092 
1041 1983 8 7 0 0 0 4002.070192 
1042 1983 8 8 0 0 0 3924.269093 
1043 1983 8 9 0 0 0 3863.482893 
1044 1983 8 10 0 0 0 3806.625615 
1045 1983 8 11 0 0 0 3759.626402 
1046 1983 8 12 0 0 0 3805.815416 
1047 1983 8 13 0 0 0 3781.624620 
1048 1983 8 14 0 0 0 3702.729948 
1049 1983 8 15 0 0 0 3641.881774 
1050 1983 8 16 0 0 0 3574.460107 
1051 1983 8 17 0 0 0 3560.338644 
1052 1983 8 18 0 0 0 3557.946814 
1053 1983 8 19 0 0 0 3881.425377 
1054 1983 8 20 0 0 0 4112.591894 
1055 1983 8 21 0 0 0 4108.045972 
1056 1983 8 22 0 0 0 4100.546660 
1057 1983 8 23 0 0 0 3963.550161 
1058 1983 8 24 0 0 0 3723.236797 
1059 1983 8 25 0 0 0 3497.070410 
1060 1983 8 26 0 0 0 3328.291915 
1061 1983 8 27 0 0 0 3210.843679 
1062 1983 8 28 0 0 0 3133.867706 
1063 1983 8 29 0 0 0 3115.408239 
1064 1983 8 30 0 0 0 3098.915069 
1065 1983 8 31 0 0 0 3042.275258 
1066 1983 9 1 0 0 0 2979.780223 
1067 1983 9 2 0 0 0 2937.551883 
1068 1983 9 3 0 0 0 2889.287928 
1069 1983 9 4 0 0 0 2982.243799 
1070 1983 9 5 0 0 0 2980.032147 
1071 1983 9 6 0 0 0 2886.963933 
1072 1983 9 7 0 0 0 2817.675059 
1073 1983 9 8 0 0 0 2817.602885 
1074 1983 9 9 0 0 0 2729.556750 
1075 1983 9 10 0 0 0 2635.555487 
1076 1983 9 11 0 0 0 2568.186124 
1077 1983 9 12 0 0 0 2512.229635 
1078 1983 9 13 0 0 0 2464.557047 
1079 1983 9 14 0 0 0 2440.312305 
1080 1983 9 15 0 0 0 2403.000950 
1081 1983 9 16 0 0 0 2362.399498 
1082 1983 9 17 0 0 0 2325.992551 
1083 1983 9 18 0 0 0 2290.413671 
1084 1983 9 19 0 0 0 2300.436649 
1085 1983 9 20 0 0 0 2285.429404 
1086 1983 9 21 0 0 0 2233.081300 
1087 1983 9 22 0 0 0 2190.612563 
1088 1983 9 23 0 0 0 2145.386444 
1089 1983 9 24 0 0 0 2117.173121 
1090 1983 9 25 0 0 0 2080.488769 
1091 1983 9 26 0 0 0 2034.477135 
1092 1983 9 27 0 0 0 1996.537603 
1093 1983 9 28 0 0 0 1962.117171 
1094 1983 9 29 0 0 0 1927.219806 
1095 1983 9 30 0 0 0 1903.508503 
1096 1983 10 1 0 0 0 1899.424273 
1097 1983 10 2 0 0 0 2019.999773 
1098 1983 10 3 0 0 0 2557.731363 
1099 1983 10 4 0 0 0 2892.569114 
1100 1983 10 5 0 0 0 2956.848206 
1101 1983 10 6 0 0 0 2863.354849 
1102 1983 10 7 0 0 0 2626.813894 
1103 1983 10 8 0 0 0 2338.334537 
1104 1983 10 9 0 0 0 2126.365835 
1105 1983 10 10 0 0 0 2039.707338 
1106 1983 10 11 0 0 0 2204.288543 
1107 1983 10 12 0 0 0 2504.929819 
1108 1983 10 13 0 0 0 2581.415503 
1109 1983 10 14 0 0 0 2587.030744 
1110 1983 10 15 0 0 0 2994.220814 
1111 1983 10 16 0 0 0 3257.076659 
1112 1983 10 17 0 0 0 3232.433643 
1113 1983 10 18 0 0 0 3134.794213 
1114 1983 10 19 0 0 0 2997.852418 
1115 1983 10 20 0 0 0 2815.576093 
1116 1983 10 21 0 0 0 2638.902993 
1117 1983 10 22 0 0 0 2478.519101 
1118 1983 10 23 0 0 0 2330.347543 
1119 1983 10 24 0 0 0 2221.600598 
1120 1983 10 25 0 0 0 2138.710210 
1121 1983 10 26 0 0 0 2083.260055 
1122 1983 10 27 0 0 0 2034.018667 
1123 1983 10 28 0 0 0 1993.014417 
1124 1983 10 29 0 0 0 1958.037761 
1125 1983 10 30 0 0 0 1925.993860 
1126 1983 10 31 0 0 0 1900.023949 
1127 1983 11 1 0 0 0 1929.133033 
1128 1983 11 2 0 0 0 1910.902561 
1129 1983 11 3 0 0 0 1864.684797 
1130 1983 11 4 0 0 0 1830.591019 
1131 1983 11 5 0 0 0 1792.365668 
1132 1983 11 6 0 0 0 1751.274157 
1133 1983 11 7 0 0 0 1719.176763 
1134 1983 11 8 0 0 0 1806.841897 
1135 1983 11 9 0 0 0 2765.009307 
1136 1983 11 10 0 0 0 3707.937746 
1137 1983 11 11 0 0 0 4222.344941 
1138 1983 11 12 0 0 0 4382.091337 
1139 1983 11 13 0 0 0 4052.503938 
1140 1983 11 14 0 0 0 3696.027016 
1141 1983 11 15 0 0 0 3276.273561 
1142 1983 11 16 0 0 0 2873.776706 
1143 1983 11 17 0 0 0 2624.981239 
1144 1983 11 18 0 0 0 2590.401536 
1145 1983 11 19 0 0 0 2618.170018 
1146 1983 11 20 0 0 0 2517.987297 
1147 1983 11 21 0 0 0 2419.810265 
1148 1983 11 22 0 0 0 2329.606239 
1149 1983 11 23 0 0 0 2229.711104 
1150 1983 11 24 0 0 0 2142.291932 
1151 1983 11 25 0 0 0 2078.153548 
1152 1983 11 26 0 0 0 2038.899527 
1153 1983 11 27 0 0 0 2010.006040 
1154 1983 11 28 0 0 0 1978.521576 
1155 1983 11 29 0 0 0 1946.626789 
1156 1983 11 30 0 0 0 1914.723758 
1157 1983 12 1 0 0 0 1883.919958 
1158 1983 12 2 0 0 0 1854.275842 
1159 1983 12 3 0 0 0 1825.496247 
1160 1983 12 4 0 0 0 1797.379231 
1161 1983 12 5 0 0 0 1769.807208 
1162 1983 12 6 0 0 0 1742.689658 
1163 1983 12 7 0 0 0 1715.981951 
1164 1983 12 8 0 0 0 1689.672729 
1165 1983 12 9 0 0 0 1663.753807 
1166 1983 12 10 0 0 0 1638.217764 
1167 1983 12 11 0 0 0 1613.058803 
1168 1983 12 12 0 0 0 1588.272261 
1169 1983 12 13 0 0 0 1563.854018 
1170 1983 12 14 0 0 0 1539.800233 
1171 1983 12 15 0 0 0 1516.107110 
1172 1983 12 16 0 0 0 1492.770806 
1173 1983 12 17 0 0 0 1469.787389 
1174 1983 12 18 0 0 0 1447.152827 
1175 1983 12 19 0 0 0 1424.862990 
1176 1983 12 20 0 0 0 1402.913643 
1177 1983 12 21 0 0 0 1381.300467 
1178 1983 12 22 0 0 0 1360.019079 
1179 1983 12 23 0 0 0 1339.065074 
1180 1983 12 24 0 0 0 1318.433982 
1181 1983 12 25 0 0 0 1298.121332 
1182 1983 12 26 0 0 0 1278.122640 
1183 1983 12 27 0 0 0 1258.433429 
1184 1983 12 28 0 0 0 1239.049301 
1185 1983 12 29 0 0 0 1219.966259 
1186 1983 12 30 0 0 0 1201.179146 
1187 1983 12 31 0 0 0 1182.682790 
1188 1984 1 1 0 0 0 1164.473805 
1189 1984 1 2 0 0 0 1146.548101 
1190 1984 1 3 0 0 0 1128.901249 
1191 1984 1 4 0 0 0 1111.528935 
1192 1984 1 5 0 0 0 1094.426923 
1193 1984 1 6 0 0 0 1077.591065 
1194 1984 1 7 0 0 0 1061.017275 
1195 1984 1 8 0 0 0 1044.701502 
1196 1984 1 9 0 0 0 1028.639755 
1197 1984 1 10 0 0 0 1012.828099 
1198 1984 1 11 0 0 0 997.262662 
1199 1984 1 12 0 0 0 981.939604 
1200 1984 1 13 0 0 0 966.855153 
1201 1984 1 14 0 0 0 952.005584 
1202 1984 1 15 0 0 0 937.387236 
1203 1984 1 16 0 0 0 922.996483 
1204 1984 1 17 0 0 0 908.829776 
1205 1984 1 18 0 0 0 894.883601 
1206 1984 1 19 0 0 0 881.154506 
1207 1984 1 20 0 0 0 867.639085 
1208 1984 1 21 0 0 0 854.333987 
1209 1984 1 22 0 0 0 841.235918 
1210 1984 1 23 0 0 0 828.341612 
1211 1984 1 24 0 0 0 815.647878 
1212 1984 1 25 0 0 0 803.151571 
1213 1984 1 26 0 0 0 790.849580 
1214 1984 1 27 0 0 0 778.738849 
1215 1984 1 28 0 0 0 766.816379 
1216 1984 1 29 0 0 0 755.079209 
1217 1984 1 30 0 0 0 743.524420 
1218 1984 1 31 0 0 0 732.149146 
1219 1984 2 1 0 0 0 720.950560 
1220 1984 2 2 0 0 0 709.925890 
1221 1984 2 3 0 0 0 699.072399 
1222 1984 2 4 0 0 0 688.387390 
1223 1984 2 5 0 0 0 677.868216 
1224 1984 2 6 0 0 0 667.512272 
1225 1984 2 7 0 0 0 657.316994 
1226 1984 2 8 0 0 0 647.279847 
1227 1984 2 9 0 0 0 637.398348 
1228 1984 2 10 0 0 0 627.670050 
1229 1984 2 11 0 0 0 618.092545 
1230 1984 2 12 0 0 0 608.663463 
1231 1984 2 13 0 0 0 599.380473 
1232 1984 2 14 0 0 0 590.241276 
1233 1984 2 15 0 0 0 581.243617 
1234 1984 2 16 0 0 0 572.385264 
1235 1984 2 17 0 0 0 563.664038 
1236 1984 2 18 0 0 0 555.077788 
1237 1984 2 19 0 0 0 546.624381 
1238 1984 2 20 0 0 0 538.301740 
1239 1984 2 21 0 0 0 530.107811 
1240 1984 2 22 0 0 0 522.040576 
1241 1984 2 23 0 0 0 514.098048 
1242 1984 2 24 0 0 0 506.278269 
1243 1984 2 25 0 0 0 498.579310 
1244 1984 2 26 0 0 0 490.999281 
1245 1984 2 27 0 0 0 483.536311 
1246 1984 2 28 0 0 0 476.188575 
1247 1984 2 29 0 0 0 468.954257 
1248 1984 3 1 0 0 0 461.831586 
1249 1984 3 2 0 0 0 454.818809 
1250 1984 3 3 0 0 0 447.914205 
1251 1984 3 4 0 0 0 441.116081 
1252 1984 3 5 0 0 0 434.422772 
1253 1984 3 6 0 0 0 427.832638 
1254 1984 3 7 0 0 0 421.344061 
1255 1984 3 8 0 0 0 414.955452 
1256 1984 3 9 0 0 0 408.665247 
1257 1984 3 10 0 0 0 402.471911 
1258 1984 3 11 0 0 0 396.373926 
1259 1984 3 12 0 0 0 390.369800 
1260 1984 3 13 0 0 0 384.458067 
1261 1984 3 14 0 0 0 378.642304 
1262 1984 3 15 0 0 0 373.113391 
1263 1984 3 16 0 0 0 370.268572 
1264 1984 3 17 0 0 0 380.329699 
1265 1984 3 18 0 0 0 443.359646 
1266 1984 3 19 0 0 0 485.146974 
1267 1984 3 20 0 0 0 535.546668 
1268 1984 3 21 0 0 0 551.721723 
1269 1984 3 22 0 0 0 559.072459 
1270 1984 3 23 0 0 0 676.709161 
1271 1984 3 24 0 0 0 663.421753 
1272 1984 3 25 0 0 0 635.662961 
1273 1984 3 26 0 0 0 665.603045 
1274 1984 3 27 0 0 0 656.916816 
1275 1984 3 28 0 0 0 627.321995 
1276 1984 3 29 0 0 0 597.213655 
1277 1984 3 30 0 0 0 571.109318 
1278 1984 3 31 0 0 0 550.613447 
1279 1984 4 1 0 0 0 546.639357 
1280 1984 4 2 0 0 0 657.806030 
1281 1984 4 3 0 0 0 650.599039 
1282 1984 4 4 0 0 0 608.149585 
1283 1984 4 5 0 0 0 577.566075 
1284 1984 4 6 0 0 0 557.657498 
1285 1984 4 7 0 0 0 543.151619 
1286 1984 4 8 0 0 0 534.082096 
1287 1984 4 9 0 0 0 559.848890 
1288 1984 4 10 0 0 0 793.283705 
1289 1984 4 11 0 0 0 1127.583784 
1290 1984 4 12 0 0 0 1466.650381 
1291 1984 4 13 0 0 0 1404.011131 
1292 1984 4 14 0 0 0 1222.087776 
1293 1984 4 15 0 0 0 1121.049057 
1294 1984 4 16 0 0 0 1034.142053 
1295 1984 4 17 0 0 0 1192.328045 
1296 1984 4 18 0 0 0 3313.648688 
1297 1984 4 19 0 0 0 5361.170432 
1298 1984 4 20 0 0 0 6047.736583 
1299 1984 4 21 0 0 0 5782.132652 
1300 1984 4 22 0 0 0 4852.954880 
1301 1984 4 23 0 0 0 3954.403516 
1302 1984 4 24 0 0 0 4035.082367 
1303 1984 4 25 0 0 0 4350.454641 
1304 1984 4 26 0 0 0 5583.654441 
1305 1984 4 27 0 0 0 6114.768576 
1306 1984 4 28 0 0 0 5896.383530 
1307 1984 4 29 0 0 0 5031.212392 
1308 1984 4 30 0 0 0 4063.464092 
1309 1984 5 1 0 0 0 3405.446600 
1310 1984 5 2 0 0 0 3433.791971 
1311 1984 5 3 0 0 0 3563.811000 
1312 1984 5 4 0 0 0 3563.624541 
1313 1984 5 5 0 0 0 3623.478297 
1314 1984 5 6 0 0 0 3931.539824 
1315 1984 5 7 0 0 0 4206.924867 
1316 1984 5 8 0 0 0 4192.826877 
1317 1984 5 9 0 0 0 3995.151069 
1318 1984 5 10 0 0 0 3751.049204 
1319 1984 5 11 0 0 0 3805.644244 
1320 1984 5 12 0 0 0 4192.255821 
1321 1984 5 13 0 0 0 4833.596880 
1322 1984 5 14 0 0 0 5659.598636 
1323 1984 5 15 0 0 0 6664.114475 
1324 1984 5 16 0 0 0 7895.287068 
1325 1984 5 17 0 0 0 8616.285925 
1326 1984 5 18 0 0 0 8778.618895 
1327 1984 5 19 0 0 0 8563.941982 
1328 1984 5 20 0 0 0 8092.029016 
1329 1984 5 21 0 0 0 7533.053014 
1330 1984 5 22 0 0 0 7249.137692 
1331 1984 5 23 0 0 0 7194.514755 
1332 1984 5 24 0 0 0 7039.398028 
1333 1984 5 25 0 0 0 7733.271311 
1334 1984 5 26 0 0 0 10012.470304 
1335 1984 5 27 0 0 0 11340.321134 
1336 1984 5 28 0 0 0 11073.694758 
1337 1984 5 29 0 0 0 9865.278735 
1338 1984 5 30 0 0 0 8510.650355 
1339 1984 5 31 0 0 0 7617.947138 
1340 1984 6 1 0 0 0 7476.798087 
1341 1984 6 2 0 0 0 8713.110431 
1342 1984 6 3 0 0 0 10097.110878 
1343 1984 6 4 0 0 0 10508.271929 
1344 1984 6 5 0 0 0 10349.184793 
1345 1984 6 6 0 0 0 10182.551302 
1346 1984 6 7 0 0 0 10567.135822 
1347 1984 6 8 0 0 0 11625.872449 
1348 1984 6 9 0 0 0 12712.565117 
1349 1984 6 10 0 0 0 13031.817643 
1350 1984 6 11 0 0 0 12399.418241 
1351 1984 6 12 0 0 0 11073.283592 
1352 1984 6 13 0 0 0 9527.853859 
1353 1984 6 14 0 0 0 8213.664424 
1354 1984 6 15 0 0 0 7361.550935 
1355 1984 6 16 0 0 0 7140.590007 
1356 1984 6 17 0 0 0 7381.194859 
1357 1984 6 18 0 0 0 7706.595801 
1358 1984 6 19 0 0 0 7828.499806 
1359 1984 6 20 0 0 0 7746.262948 
1360 1984 6 21 0 0 0 7630.792719 
1361 1984 6 22 0 0 0 7586.156528 
1362 1984 6 23 0 0 0 7463.975771 
1363 1984 6 24 0 0 0 7233.766633 
1364 1984 6 25 0 0 0 6960.978268 
1365 1984 6 26 0 0 0 6784.862638 
1366 1984 6 27 0 0 0 6709.123161 
1367 1984 6 28 0 0 0 6687.961144 
1368 1984 6 29 0 0 0 6592.953277 
1369 1984 6 30 0 0 0 6500.752856 
1370 1984 7 1 0 0 0 6602.234796 
1371 1984 7 2 0 0 0 6778.212371 
1372 1984 7 3 0 0 0 6799.336477 
1373 1984 7 4 0 0 0 6600.379712 
1374 1984 7 5 0 0 0 6298.686410 
1375 1984 7 6 0 0 0 6017.024421 
1376 1984 7 7 0 0 0 5775.757859 
1377 1984 7 8 0 0 0 5592.017601 
1378 1984 7 9 0 0 0 5515.883823 
1379 1984 7 10 0 0 0 5724.089512 
1380 1984 7 11 0 0 0 5924.149802 
1381 1984 7 12 0 0 0 6135.399074 
1382 1984 7 13 0 0 0 6369.744147 
1383 1984 7 14 0 0 0 6421.731853 
1384 1984 7 15 0 0 0 6273.855490 
1385 1984 7 16 0 0 0 6066.337312 
1386 1984 7 17 0 0 0 5851.121618 
1387 1984 7 18 0 0 0 5646.454798 
1388 1984 7 19 0 0 0 5472.178959 
1389 1984 7 20 0 0 0 5348.532473 
1390 1984 7 21 0 0 0 5300.774451 
1391 1984 7 22 0 0 0 5207.992712 
1392 1984 7 23 0 0 0 5193.721991 
1393 1984 7 24 0 0 0 5300.274071 
1394 1984 7 25 0 0 0 5496.021103 
1395 1984 7 26 0 0 0 5515.129801 
1396 1984 7 27 0 0 0 5467.758242 
1397 1984 7 28 0 0 0 5445.772942 
1398 1984 7 29 0 0 0 5403.238028 
1399 1984 7 30 0 0 0 5456.693072 
1400 1984 7 31 0 0 0 5458.121481 
1401 1984 8 1 0 0 0 5390.775137 
1402 1984 8 2 0 0 0 5249.150036 
1403 1984 8 3 0 0 0 5119.309828 
1404 1984 8 4 0 0 0 5012.255940 
1405 1984 8 5 0 0 0 4908.538768 
1406 1984 8 6 0 0 0 4918.410902 
1407 1984 8 7 0 0 0 4868.323272 
1408 1984 8 8 0 0 0 4757.852832 
1409 1984 8 9 0 0 0 4670.366472 
1410 1984 8 10 0 0 0 4595.542226 
1411 1984 8 11 0 0 0 4506.872187 
1412 1984 8 12 0 0 0 4414.882560 
1413 1984 8 13 0 0 0 4333.367485 
1414 1984 8 14 0 0 0 4265.289224 
1415 1984 8 15 0 0 0 4264.003743 
1416 1984 8 16 0 0 0 4215.349994 
1417 1984 8 17 0 0 0 4162.021275 
1418 1984 8 18 0 0 0 4085.248966 
1419 1984 8 19 0 0 0 4057.465941 
1420 1984 8 20 0 0 0 4415.351484 
1421 1984 8 21 0 0 0 4872.433920 
1422 1984 8 22 0 0 0 4918.479495 
1423 1984 8 23 0 0 0 4907.598665 
1424 1984 8 24 0 0 0 4812.507142 
1425 1984 8 25 0 0 0 4684.618610 
1426 1984 8 26 0 0 0 4485.454851 
1427 1984 8 27 0 0 0 4285.279114 
1428 1984 8 28 0 0 0 4146.919105 
1429 1984 8 29 0 0 0 4049.369947 
1430 1984 8 30 0 0 0 3963.246783 
1431 1984 8 31 0 0 0 3890.538323 
1432 1984 9 1 0 0 0 3904.325278 
1433 1984 9 2 0 0 0 4081.040585 
1434 1984 9 3 0 0 0 4154.775927 
1435 1984 9 4 0 0 0 4137.409446 
1436 1984 9 5 0 0 0 4069.423556 
1437 1984 9 6 0 0 0 3953.199655 
1438 1984 9 7 0 0 0 3895.562248 
1439 1984 9 8 0 0 0 3781.075616 
1440 1984 9 9 0 0 0 3674.853402 
1441 1984 9 10 0 0 0 3599.498376 
1442 1984 9 11 0 0 0 3634.853320 
1443 1984 9 12 0 0 0 3718.796803 
1444 1984 9 13 0 0 0 3755.950759 
1445 1984 9 14 0 0 0 3667.279448 
1446 1984 9 15 0 0 0 3598.263013 
1447 1984 9 16 0 0 0 3619.156231 
1448 1984 9 17 0 0 0 3729.879455 
1449 1984 9 18 0 0 0 3796.424222 
1450 1984 9 19 0 0 0 3857.254157 
1451 1984 9 20 0 0 0 3806.591527 
1452 1984 9 21 0 0 0 3761.686843 
1453 1984 9 22 0 0 0 3822.796125 
1454 1984 9 23 0 0 0 3747.343883 
1455 1984 9 24 0 0 0 3693.519417 
1456 1984 9 25 0 0 0 3846.191163 
1457 1984 9 26 0 0 0 3850.820772 
1458 1984 9 27 0 0 0 3826.669508 
1459 1984 9 28 0 0 0 3740.428110 
1460 1984 9 29 0 0 0 3610.144574 
1461 1984 9 30 0 0 0 3474.449775 
1462 1984 10 1 0 0 0 3373.193147 
1463 1984 10 2 0 0 0 3374.053709 
1464 1984 10 3 0 0 0 3360.606895 
1465 1984 10 4 0 0 0 3409.434986 
1466 1984 10 5 0 0 0 3729.592885 
1467 1984 10 6 0 0 0 3904.854648 
1468 1984 10 7 0 0 0 3949.377126 
1469 1984 10 8 0 0 0 3860.703822 
1470 1984 10 9 0 0 0 3692.444946 
1471 1984 10 10 0 0 0 3511.369996 
1472 1984 10 11 0 0 0 3368.445176 
1473 1984 10 12 0 0 0 3338.930263 
1474 1984 10 13 0 0 0 3351.392275 
1475 1984 10 14 0 0 0 3343.518432 
1476 1984 10 15 0 0 0 3417.719975 
1477 1984 10 16 0 0 0 3478.060521 
1478 1984 10 17 0 0 0 3523.723657 
1479 1984 10 18 0 0 0 3733.027404 
1480 1984 10 19 0 0 0 3567.028298 
1481 1984 10 20 0 0 0 3355.878104 
1482 1984 10 21 0 0 0 3213.663125 
1483 1984 10 22 0 0 0 3114.679651 
1484 1984 10 23 0 0 0 3038.911786 
1485 1984 10 24 0 0 0 2976.739316 
1486 1984 10 25 0 0 0 2922.763095 
1487 1984 10 26 0 0 0 2873.666936 
1488 1984 10 27 0 0 0 2852.033990 
1489 1984 10 28 0 0 0 3031.427366 
1490 1984 10 29 0 0 0 3003.717906 
1491 1984 10 30 0 0 0 2924.949627 
1492 1984 10 31 0 0 0 3035.174068 
1493 1984 11 1 0 0 0 2963.845445 
1494 1984 11 2 0 0 0 2885.993779 
1495 1984 11 3 0 0 0 2893.050176 
1496 1984 11 4 0 0 0 3018.695687 
1497 1984 11 5 0 0 0 3131.416705 
1498 1984 11 6 0 0 0 3163.253997 
1499 1984 11 7 0 0 0 3098.348636 
1500 1984 11 8 0 0 0 3062.451691 
1501 1984 11 9 0 0 0 3411.726773 
1502 1984 11 10 0 0 0 3977.190638 
1503 1984 11 11 0 0 0 4200.221359 
1504 1984 11 12 0 0 0 4039.739147 
1505 1984 11 13 0 0 0 3750.548423 
1506 1984 11 14 0 0 0 3855.951520 
1507 1984 11 15 0 0 0 4321.745773 
1508 1984 11 16 0 0 0 4530.780669 
1509 1984 11 17 0 0 0 4347.399447 
1510 1984 11 18 0 0 0 3981.253211 
1511 1984 11 19 0 0 0 3607.077527 
1512 1984 11 20 0 0 0 3322.300239 
1513 1984 11 21 0 0 0 3131.740587 
1514 1984 11 22 0 0 0 3007.130160 
1515 1984 11 23 0 0 0 2921.467426 
1516 1984 11 24 0 0 0 2857.905073 
1517 1984 11 25 0 0 0 2823.116953 
1518 1984 11 26 0 0 0 2856.214692 
1519 1984 11 27 0 0 0 2825.775489 
1520 1984 11 28 0 0 0 2761.300392 
1521 1984 11 29 0 0 0 2696.151060 
1522 1984 11 30 0 0 0 2634.268698 
1523 1984 12 1 0 0 0 2581.659893 
1524 1984 12 2 0 0 0 2536.704993 
1525 1984 12 3 0 0 0 2495.922821 
1526 1984 12 4 0 0 0 2457.147120 
1527 1984 12 5 0 0 0 2419.433117 
1528 1984 12 6 0 0 0 2382.434025 
1529 1984 12 7 0 0 0 2346.413450 
1530 1984 12 8 0 0 0 2321.678028 
1531 1984 12 9 0 0 0 2361.595482 
1532 1984 12 10 0 0 0 2380.427251 
1533 1984 12 11 0 0 0 2373.346752 
1534 1984 12 12 0 0 0 2343.433409 
1535 1984 12 13 0 0 0 2309.840574 
1536 1984 12 14 0 0 0 2273.136935 
1537 1984 12 15 0 0 0 2235.524093 
1538 1984 12 16 0 0 0 2198.770362 
1539 1984 12 17 0 0 0 2162.724363 
1540 1984 12 18 0 0 0 2127.780318 
1541 1984 12 19 0 0 0 2094.203094 
1542 1984 12 20 0 0 0 2061.763095 
1543 1984 12 21 0 0 0 2030.159911 
1544 1984 12 22 0 0 0 1999.202985 
1545 1984 12 23 0 0 0 1968.790827 
1546 1984 12 24 0 0 0 1938.869333 
1547 1984 12 25 0 0 0 1909.408087 
1548 1984 12 26 0 0 0 1880.388840 
1549 1984 12 27 0 0 0 1851.801793 
1550 1984 12 28 0 0 0 1823.686239 
1551 1984 12 29 0 0 0 1795.994398 
1552 1984 12 30 0 0 0 1768.686371 
1553 1984 12 31 0 0 0 1741.790240 
1554 1985 1 1 0 0 0 1715.304019 
1555 1985 1 2 0 0 0 1689.198313 
1556 1985 1 3 0 0 0 1663.465511 
1557 1985 1 4 0 0 0 1638.110682 
1558 1985 1 5 0 0 0 1613.135844 
1559 1985 1 6 0 0 0 1588.538738 
1560 1985 1 7 0 0 0 1564.315181 
1561 1985 1 8 0 0 0 1540.460413 
1562 1985 1 9 0 0 0 1516.969519 
1563 1985 1 10 0 0 0 1493.837540 
1564 1985 1 11 0 0 0 1471.059501 
1565 1985 1 12 0 0 0 1448.630423 
1566 1985 1 13 0 0 0 1426.545314 
1567 1985 1 14 0 0 0 1404.799220 
1568 1985 1 15 0 0 0 1383.387205 
1569 1985 1 16 0 0 0 1362.304356 
1570 1985 1 17 0 0 0 1341.545808 
1571 1985 1 18 0 0 0 1321.106729 
1572 1985 1 19 0 0 0 1300.982330 
1573 1985 1 20 0 0 0 1281.167866 
1574 1985 1 21 0 0 0 1261.658652 
1575 1985 1 22 0 0 0 1242.450048 
1576 1985 1 23 0 0 0 1223.537488 
1577 1985 1 24 0 0 0 1204.916447 
1578 1985 1 25 0 0 0 1186.582457 
1579 1985 1 26 0 0 0 1168.531104 
1580 1985 1 27 0 0 0 1150.758051 
1581 1985 1 28 0 0 0 1133.259000 
1582 1985 1 29 0 0 0 1116.029730 
1583 1985 1 30 0 0 0 1099.066069 
1584 1985 1 31 0 0 0 1082.363913 
1585 1985 2 1 0 0 0 1065.919210 
1586 1985 2 2 0 0 0 1049.727963 
1587 1985 2 3 0 0 0 1033.786250 
1588 1985 2 4 0 0 0 1018.090187 
1589 1985 2 5 0 0 0 1002.635962 
1590 1985 2 6 0 0 0 987.419825 
1591 1985 2 7 0 0 0 972.438062 
1592 1985 2 8 0 0 0 957.687024 
1593 1985 2 9 0 0 0 943.163131 
1594 1985 2 10 0 0 0 928.862846 
1595 1985 2 11 0 0 0 914.782698 
1596 1985 2 12 0 0 0 900.919248 
1597 1985 2 13 0 0 0 887.269118 
1598 1985 2 14 0 0 0 873.828987 
1599 1985 2 15 0 0 0 860.595592 
1600 1985 2 16 0 0 0 847.565705 
1601 1985 2 17 0 0 0 834.736168 
1602 1985 2 18 0 0 0 822.103848 
1603 1985 2 19 0 0 0 809.665671 
1604 1985 2 20 0 0 0 797.418833 
1605 1985 2 21 0 0 0 785.364932 
1606 1985 2 22 0 0 0 773.497280 
1607 1985 2 23 0 0 0 761.814520 
1608 1985 2 24 0 0 0 750.315317 
1609 1985 2 25 0 0 0 738.985746 
1610 1985 2 26 0 0 0 727.825554 
1611 1985 2 27 0 0 0 716.824064 
1612 1985 2 28 0 0 0 705.989428 
1613 1985 3 1 0 0 0 695.325862 
1614 1985 3 2 0 0 0 684.831101 
1615 1985 3 3 0 0 0 674.499086 
1616 1985 3 4 0 0 0 664.326255 
1617 1985 3 5 0 0 0 654.308725 
1618 1985 3 6 0 0 0 644.444650 
1619 1985 3 7 0 0 0 634.731904 
1620 1985 3 8 0 0 0 625.167969 
1621 1985 3 9 0 0 0 615.794689 
1622 1985 3 10 0 0 0 613.432022 
1623 1985 3 11 0 0 0 664.254298 
1624 1985 3 12 0 0 0 780.707746 
1625 1985 3 13 0 0 0 909.774915 
1626 1985 3 14 0 0 0 909.533508 
1627 1985 3 15 0 0 0 881.250194 
1628 1985 3 16 0 0 0 844.105955 
1629 1985 3 17 0 0 0 807.300808 
1630 1985 3 18 0 0 0 776.025343 
1631 1985 3 19 0 0 0 751.467739 
1632 1985 3 20 0 0 0 740.766989 
1633 1985 3 21 0 0 0 842.883271 
1634 1985 3 22 0 0 0 980.274414 
1635 1985 3 23 0 0 0 969.155144 
1636 1985 3 24 0 0 0 967.918095 
1637 1985 3 25 0 0 0 1285.925886 
1638 1985 3 26 0 0 0 1593.764558 
1639 1985 3 27 0 0 0 2226.510234 
1640 1985 3 28 0 0 0 2377.428306 
1641 1985 3 29 0 0 0 2205.451070 
1642 1985 3 30 0 0 0 1960.419065 
1643 1985 3 31 0 0 0 1739.345862 
1644 1985 4 1 0 0 0 1582.386357 
1645 1985 4 2 0 0 0 1438.125295 
1646 1985 4 3 0 0 0 1525.998862 
1647 1985 4 4 0 0 0 1476.983839 
1648 1985 4 5 0 0 0 1460.089989 
1649 1985 4 6 0 0 0 1441.388583 
1650 1985 4 7 0 0 0 1426.081405 
1651 1985 4 8 0 0 0 1509.506812 
1652 1985 4 9 0 0 0 1917.040750 
1653 1985 4 10 0 0 0 2535.111999 
1654 1985 4 11 0 0 0 2993.595694 
1655 1985 4 12 0 0 0 3069.390464 
1656 1985 4 13 0 0 0 2955.453939 
1657 1985 4 14 0 0 0 2752.656904 
1658 1985 4 15 0 0 0 2545.916592 
1659 1985 4 16 0 0 0 2442.598960 
1660 1985 4 17 0 0 0 2483.653210 
1661 1985 4 18 0 0 0 2648.298603 
1662 1985 4 19 0 0 0 3352.233048 
1663 1985 4 20 0 0 0 5749.650238 
1664 1985 4 21 0 0 0 8982.764087 
1665 1985 4 22 0 0 0 11768.860327 
1666 1985 4 23 0 0 0 13085.377664 
1667 1985 4 24 0 0 0 12179.025065 
1668 1985 4 25 0 0 0 10126.801967 
1669 1985 4 26 0 0 0 8400.621293 
1670 1985 4 27 0 0 0 7428.240904 
1671 1985 4 28 0 0 0 6717.786665 
1672 1985 4 29 0 0 0 6241.016179 
1673 1985 4 30 0 0 0 5877.857099 
1674 1985 5 1 0 0 0 5780.719895 
1675 1985 5 2 0 0 0 5637.581113 
1676 1985 5 3 0 0 0 5436.137434 
1677 1985 5 4 0 0 0 5201.051387 
1678 1985 5 5 0 0 0 5388.790295 
1679 1985 5 6 0 0 0 6190.424590 
1680 1985 5 7 0 0 0 6975.544002 
1681 1985 5 8 0 0 0 7315.981972 
1682 1985 5 9 0 0 0 7143.510088 
1683 1985 5 10 0 0 0 6792.372790 
1684 1985 5 11 0 0 0 6801.212063 
1685 1985 5 12 0 0 0 7228.708086 
1686 1985 5 13 0 0 0 7850.614005 
1687 1985 5 14 0 0 0 8110.072507 
1688 1985 5 15 0 0 0 7741.805426 
1689 1985 5 16 0 0 0 6991.281585 
1690 1985 5 17 0 0 0 6201.954392 
1691 1985 5 18 0 0 0 5735.934909 
1692 1985 5 19 0 0 0 5799.449137 
1693 1985 5 20 0 0 0 6102.796028 
1694 1985 5 21 0 0 0 6309.394402 
1695 1985 5 22 0 0 0 6331.716422 
1696 1985 5 23 0 0 0 6233.458620 
1697 1985 5 24 0 0 0 6018.299826 
1698 1985 5 25 0 0 0 5788.487195 
1699 1985 5 26 0 0 0 5666.372965 
1700 1985 5 27 0 0 0 5610.866690 
1701 1985 5 28 0 0 0 5681.881284 
1702 1985 5 29 0 0 0 5667.598243 
1703 1985 5 30 0 0 0 5572.435406 
1704 1985 5 31 0 0 0 5406.501929 
1705 1985 6 1 0 0 0 5205.329369 
1706 1985 6 2 0 0 0 5044.276855 
1707 1985 6 3 0 0 0 4910.250323 
1708 1985 6 4 0 0 0 4794.758904 
1709 1985 6 5 0 0 0 4703.037055 
1710 1985 6 6 0 0 0 4628.425946 
1711 1985 6 7 0 0 0 4558.197372 
1712 1985 6 8 0 0 0 4483.471996 
1713 1985 6 9 0 0 0 4426.399411 
1714 1985 6 10 0 0 0 4433.029188 
1715 1985 6 11 0 0 0 4424.375890 
1716 1985 6 12 0 0 0 4400.441302 
1717 1985 6 13 0 0 0 4379.330825 
1718 1985 6 14 0 0 0 4351.453096 
1719 1985 6 15 0 0 0 4305.124157 
1720 1985 6 16 0 0 0 4228.433929 
1721 1985 6 17 0 0 0 4146.179997 
1722 1985 6 18 0 0 0 4076.089995 
1723 1985 6 19 0 0 0 3997.982478 
1724 1985 6 20 0 0 0 3930.125236 
1725 1985 6 21 0 0 0 3874.628426 
1726 1985 6 22 0 0 0 3816.239964 
1727 1985 6 23 0 0 0 3755.120383 
1728 1985 6 24 0 0 0 3708.635016 
1729 1985 6 25 0 0 0 3734.188307 
1730 1985 6 26 0 0 0 3939.623529 
1731 1985 6 27 0 0 0 3993.480641 
1732 1985 6 28 0 0 0 3940.365776 
1733 1985 6 29 0 0 0 3883.213384 
1734 1985 6 30 0 0 0 3791.028711 
1735 1985 7 1 0 0 0 3669.209367 
1736 1985 7 2 0 0 0 3549.883816 
1737 1985 7 3 0 0 0 3442.767495 
1738 1985 7 4 0 0 0 3350.685438 
1739 1985 7 5 0 0 0 3274.877391 
1740 1985 7 6 0 0 0 3212.116977 
1741 1985 7 7 0 0 0 3156.014526 
1742 1985 7 8 0 0 0 3104.702292 
1743 1985 7 9 0 0 0 3069.817867 
1744 1985 7 10 0 0 0 3051.748669 
1745 1985 7 11 0 0 0 3000.032309 
1746 1985 7 12 0 0 0 2965.670775 
1747 1985 7 13 0 0 0 2952.759425 
1748 1985 7 14 0 0 0 2914.930989 
1749 1985 7 15 0 0 0 2867.344035 
1750 1985 7 16 0 0 0 2858.676270 
1751 1985 7 17 0 0 0 2818.717747 
1752 1985 7 18 0 0 0 2804.655880 
1753 1985 7 19 0 0 0 2998.517674 
1754 1985 7 20 0 0 0 3133.843957 
1755 1985 7 21 0 0 0 3256.666867 
1756 1985 7 22 0 0 0 3388.102820 
1757 1985 7 23 0 0 0 3459.587336 
1758 1985 7 24 0 0 0 3418.608036 
1759 1985 7 25 0 0 0 3275.500214 
1760 1985 7 26 0 0 0 3138.921848 
1761 1985 7 27 0 0 0 3017.301900 
1762 1985 7 28 0 0 0 2893.657907 
1763 1985 7 29 0 0 0 2825.164743 
1764 1985 7 30 0 0 0 2907.447194 
1765 1985 7 31 0 0 0 2964.156030 
1766 1985 8 1 0 0 0 2964.083476 
1767 1985 8 2 0 0 0 2939.159793 
1768 1985 8 3 0 0 0 2858.770031 
1769 1985 8 4 0 0 0 2741.547789 
1770 1985 8 5 0 0 0 2642.324548 
1771 1985 8 6 0 0 0 2564.833915 
1772 1985 8 7 0 0 0 2503.968183 
1773 1985 8 8 0 0 0 2454.391571 
1774 1985 8 9 0 0 0 2423.196965 
1775 1985 8 10 0 0 0 2488.023067 
1776 1985 8 11 0 0 0 2445.080936 
1777 1985 8 12 0 0 0 2482.073998 
1778 1985 8 13 0 0 0 2537.916971 
1779 1985 8 14 0 0 0 2486.015421 
1780 1985 8 15 0 0 0 2405.257810 
1781 1985 8 16 0 0 0 2315.068417 
1782 1985 8 17 0 0 0 2233.109521 
1783 1985 8 18 0 0 0 2180.277999 
1784 1985 8 19 0 0 0 2144.860417 
1785 1985 8 20 0 0 0 2110.951571 
1786 1985 8 21 0 0 0 2093.512860 
1787 1985 8 22 0 0 0 2058.556485 
1788 1985 8 23 0 0 0 2019.019702 
1789 1985 8 24 0 0 0 1980.388548 
1790 1985 8 25 0 0 0 1942.162951 
1791 1985 8 26 0 0 0 1910.628640 
1792 1985 8 27 0 0 0 1875.164226 
1793 1985 8 28 0 0 0 1849.439638 
1794 1985 8 29 0 0 0 1818.519863 
1795 1985 8 30 0 0 0 1789.198098 
1796 1985 8 31 0 0 0 1765.065325 
1797 1985 9 1 0 0 0 1794.125338 
1798 1985 9 2 0 0 0 1836.149816 
1799 1985 9 3 0 0 0 1959.712757 
1800 1985 9 4 0 0 0 1925.615501 
1801 1985 9 5 0 0 0 1868.523178 
1802 1985 9 6 0 0 0 1771.694356 
1803 1985 9 7 0 0 0 1678.909878 
1804 1985 9 8 0 0 0 1627.285164 
1805 1985 9 9 0 0 0 1583.993512 
1806 1985 9 10 0 0 0 1551.074063 
1807 1985 9 11 0 0 0 1524.502440 
1808 1985 9 12 0 0 0 1577.941743 
1809 1985 9 13 0 0 0 1555.465074 
1810 1985 9 14 0 0 0 1521.727298 
1811 1985 9 15 0 0 0 1481.691691 
1812 1985 9 16 0 0 0 1487.577952 
1813 1985 9 17 0 0 0 1447.202284 
1814 1985 9 18 0 0 0 1414.855909 
1815 1985 9 19 0 0 0 1425.882068 
1816 1985 9 20 0 0 0 1424.717222 
1817 1985 9 21 0 0 0 1410.411355 
1818 1985 9 22 0 0 0 1478.233507 
1819 1985 9 23 0 0 0 1676.975971 
1820 1985 9 24 0 0 0 1735.199446 
1821 1985 9 25 0 0 0 1712.497001 
1822 1985 9 26 0 0 0 1621.690742 
1823 1985 9 27 0 0 0 1535.526024 
1824 1985 9 28 0 0 0 1621.044370 
1825 1985 9 29 0 0 0 1728.916705 
1826 1985 9 30 0 0 0 1837.830730 
1827 1985 10 1 0 0 0 1871.350089 
1828 1985 10 2 0 0 0 1823.681168 
1829 1985 10 3 0 0 0 1736.070069 
1830 1985 10 4 0 0 0 1647.721887 
1831 1985 10 5 0 0 0 1572.176581 
1832 1985 10 6 0 0 0 1512.246312 
1833 1985 10 7 0 0 0 1589.046847 
1834 1985 10 8 0 0 0 2894.421048 
1835 1985 10 9 0 0 0 4888.287342 
1836 1985 10 10 0 0 0 5781.145622 
1837 1985 10 11 0 0 0 5940.525285 
1838 1985 10 12 0 0 0 5581.722651 
1839 1985 10 13 0 0 0 4859.923189 
1840 1985 10 14 0 0 0 4772.640683 
1841 1985 10 15 0 0 0 4605.365388 
1842 1985 10 16 0 0 0 4312.499952 
1843 1985 10 17 0 0 0 3894.476324 
1844 1985 10 18 0 0 0 3443.147861 
1845 1985 10 19 0 0 0 3017.837510 
1846 1985 10 20 0 0 0 2688.496240 
1847 1985 10 21 0 0 0 2469.467203 
1848 1985 10 22 0 0 0 2342.934123 
1849 1985 10 23 0 0 0 2320.739500 
1850 1985 10 24 0 0 0 2273.819890 
1851 1985 10 25 0 0 0 2247.674917 
1852 1985 10 26 0 0 0 2195.239062 
1853 1985 10 27 0 0 0 2130.861845 
1854 1985 10 28 0 0 0 2082.355738 
1855 1985 10 29 0 0 0 2038.356016 
1856 1985 10 30 0 0 0 2016.155460 
1857 1985 10 31 0 0 0 2128.696684 
1858 1985 11 1 0 0 0 2136.085629 
1859 1985 11 2 0 0 0 2105.634887 
1860 1985 11 3 0 0 0 2050.402324 
1861 1985 11 4 0 0 0 1978.082934 
1862 1985 11 5 0 0 0 1939.501089 
1863 1985 11 6 0 0 0 2203.825590 
1864 1985 11 7 0 0 0 2309.192270 
1865 1985 11 8 0 0 0 2453.358565 
1866 1985 11 9 0 0 0 3319.691579 
1867 1985 11 10 0 0 0 4243.826740 
1868 1985 11 11 0 0 0 4559.706153 
1869 1985 11 12 0 0 0 4274.635325 
1870 1985 11 13 0 0 0 3828.358068 
1871 1985 11 14 0 0 0 3347.580513 
1872 1985 11 15 0 0 0 2958.265955 
1873 1985 11 16 0 0 0 2688.196793 
1874 1985 11 17 0 0 0 2511.865749 
1875 1985 11 18 0 0 0 2395.965247 
1876 1985 11 19 0 0 0 2315.139025 
1877 1985 11 20 0 0 0 2255.388534 
1878 1985 11 21 0 0 0 2207.835226 
1879 1985 11 22 0 0 0 2167.149127 
1880 1985 11 23 0 0 0 2130.422181 
1881 1985 11 24 0 0 0 2096.380928 
1882 1985 11 25 0 0 0 2072.961957 
1883 1985 11 26 0 0 0 2077.973058 
1884 1985 11 27 0 0 0 2055.291007 
1885 1985 11 28 0 0 0 2026.199059 
1886 1985 11 29 0 0 0 1998.826084 
1887 1985 11 30 0 0 0 1973.010601 
1888 1985 12 1 0 0 0 1945.144518 
1889 1985 12 2 0 0 0 1916.175040 
1890 1985 12 3 0 0 0 1887.091550 
1891 1985 12 4 0 0 0 1858.331730 
1892 1985 12 5 0 0 0 1830.017553 
1893 1985 12 6 0 0 0 1802.155120 
1894 1985 12 7 0 0 0 1774.726680 
1895 1985 12 8 0 0 0 1747.715177 
1896 1985 12 9 0 0 0 1721.107997 
1897 1985 12 10 0 0 0 1694.896093 
1898 1985 12 11 0 0 0 1669.072660 
1899 1985 12 12 0 0 0 1643.632204 
1900 1985 12 13 0 0 0 1618.569974 
1901 1985 12 14 0 0 0 1593.881545 
1902 1985 12 15 0 0 0 1569.562602 
1903 1985 12 16 0 0 0 1545.608871 
1904 1985 12 17 0 0 0 1522.016046 
1905 1985 12 18 0 0 0 1498.779802 
1906 1985 12 19 0 0 0 1475.895712 
1907 1985 12 20 0 0 0 1453.359293 
1908 1985 12 21 0 0 0 1431.166010 
1909 1985 12 22 0 0 0 1409.311310 
1910 1985 12 23 0 0 0 1387.790587 
1911 1985 12 24 0 0 0 1366.599234 
1912 1985 12 25 0 0 0 1345.732628 
1913 1985 12 26 0 0 0 1325.186160 
1914 1985 12 27 0 0 0 1304.955231 
1915 1985 12 28 0 0 0 1285.035260 
1916 1985 12 29 0 0 0 1265.421698 
1917 1985 12 30 0 0 0 1246.110008 
1918 1985 12 31 0 0 0 1227.095715 
1919 1986 1 1 0 0 0 1208.374382 
1920 1986 1 2 0 0 0 1189.941598 
1921 1986 1 3 0 0 0 1171.793011 
1922 1986 1 4 0 0 0 1153.924310 
1923 1986 1 5 0 0 0 1136.331229 
1924 1986 1 6 0 0 0 1119.009580 
1925 1986 1 7 0 0 0 1101.955196 
1926 1986 1 8 0 0 0 1085.163985 
1927 1986 1 9 0 0 0 1068.631908 
1928 1986 1 10 0 0 0 1052.354966 
1929 1986 1 11 0 0 0 1036.329225 
1930 1986 1 12 0 0 0 1020.550815 
1931 1986 1 13 0 0 0 1005.015895 
1932 1986 1 14 0 0 0 989.720712 
1933 1986 1 15 0 0 0 974.661534 
1934 1986 1 16 0 0 0 959.834705 
1935 1986 1 17 0 0 0 945.236629 
1936 1986 1 18 0 0 0 930.863744 
1937 1986 1 19 0 0 0 916.712566 
1938 1986 1 20 0 0 0 903.541724 
1939 1986 1 21 0 0 0 890.758092 
1940 1986 1 22 0 0 0 877.225629 
1941 1986 1 23 0 0 0 863.828959 
1942 1986 1 24 0 0 0 850.710303 
1943 1986 1 25 0 0 0 837.779020 
1944 1986 1 26 0 0 0 825.036005 
1945 1986 1 27 0 0 0 812.499617 
1946 1986 1 28 0 0 0 800.171269 
1947 1986 1 29 0 0 0 788.039426 
1948 1986 1 30 0 0 0 776.203325 
1949 1986 1 31 0 0 0 766.697204 
1950 1986 2 1 0 0 0 760.925695 
1951 1986 2 2 0 0 0 803.940568 
1952 1986 2 3 0 0 0 862.383091 
1953 1986 2 4 0 0 0 834.512001 
1954 1986 2 5 0 0 0 799.230980 
1955 1986 2 6 0 0 0 774.967623 
1956 1986 2 7 0 0 0 757.165468 
1957 1986 2 8 0 0 0 742.560670 
1958 1986 2 9 0 0 0 729.622583 
1959 1986 2 10 0 0 0 717.688495 
1960 1986 2 11 0 0 0 706.402138 
1961 1986 2 12 0 0 0 695.548567 
1962 1986 2 13 0 0 0 685.002135 
1963 1986 2 14 0 0 0 674.691411 
1964 1986 2 15 0 0 0 664.798281 
1965 1986 2 16 0 0 0 659.150291 
1966 1986 2 17 0 0 0 672.042633 
1967 1986 2 18 0 0 0 735.756793 
1968 1986 2 19 0 0 0 1615.309775 
1969 1986 2 20 0 0 0 2514.313076 
1970 1986 2 21 0 0 0 4013.163694 
1971 1986 2 22 0 0 0 4743.233494 
1972 1986 2 23 0 0 0 4543.626046 
1973 1986 2 24 0 0 0 4064.100876 
1974 1986 2 25 0 0 0 3317.686925 
1975 1986 2 26 0 0 0 2617.233187 
1976 1986 2 27 0 0 0 2115.437066 
1977 1986 2 28 0 0 0 1794.459729 
1978 1986 3 1 0 0 0 1622.546754 
1979 1986 3 2 0 0 0 1559.642519 
1980 1986 3 3 0 0 0 1538.940844 
1981 1986 3 4 0 0 0 1501.035162 
1982 1986 3 5 0 0 0 1502.504214 
1983 1986 3 6 0 0 0 1490.369692 
1984 1986 3 7 0 0 0 1507.943456 
1985 1986 3 8 0 0 0 1593.354525 
1986 1986 3 9 0 0 0 2253.603764 
1987 1986 3 10 0 0 0 3238.443419 
1988 1986 3 11 0 0 0 3958.796653 
1989 1986 3 12 0 0 0 4144.291156 
1990 1986 3 13 0 0 0 3825.359961 
1991 1986 3 14 0 0 0 3310.359139 
1992 1986 3 15 0 0 0 2863.670163 
1993 1986 3 16 0 0 0 2534.458034 
1994 1986 3 17 0 0 0 2321.108214 
1995 1986 3 18 0 0 0 2210.988881 
1996 1986 3 19 0 0 0 2157.498030 
1997 1986 3 20 0 0 0 2118.946575 
1998 1986 3 21 0 0 0 2069.137556 
1999 1986 3 22 0 0 0 2017.649298 
2000 1986 3 23 0 0 0 1973.764799 
2001 1986 3 24 0 0 0 1941.139978 
2002 1986 3 25 0 0 0 2004.049459 
2003 1986 3 26 0 0 0 2212.679906 
2004 1986 3 27 0 0 0 2264.158281 
2005 1986 3 28 0 0 0 2214.736406 
2006 1986 3 29 0 0 0 2196.070428 
2007 1986 3 30 0 0 0 2287.681875 
2008 1986 3 31 0 0 0 2515.112779 
2009 1986 4 1 0 0 0 2844.915241 
2010 1986 4 2 0 0 0 3890.470038 
2011 1986 4 3 0 0 0 5727.560953 
2012 1986 4 4 0 0 0 9136.121860 
2013 1986 4 5 0 0 0 10841.167006 
2014 1986 4 6 0 0 0 10216.625258 
2015 1986 4 7 0 0 0 8313.834373 
2016 1986 4 8 0 0 0 6261.642848 
2017 1986 4 9 0 0 0 4758.429551 
2018 1986 4 10 0 0 0 3878.416870 
2019 1986 4 11 0 0 0 3538.204656 
2020 1986 4 12 0 0 0 3580.151920 
2021 1986 4 13 0 0 0 3668.521520 
2022 1986 4 14 0 0 0 3945.803769 
2023 1986 4 15 0 0 0 4276.072785 
2024 1986 4 16 0 0 0 4360.307845 
2025 1986 4 17 0 0 0 4263.202517 
2026 1986 4 18 0 0 0 4310.488050 
2027 1986 4 19 0 0 0 4405.615394 
2028 1986 4 20 0 0 0 4302.028050 
2029 1986 4 21 0 0 0 4050.940324 
2030 1986 4 22 0 0 0 3883.877951 
2031 1986 4 23 0 0 0 4253.455725 
2032 1986 4 24 0 0 0 5136.099678 
2033 1986 4 25 0 0 0 5845.494700 
2034 1986 4 26 0 0 0 6788.870136 
2035 1986 4 27 0 0 0 8300.026664 
2036 1986 4 28 0 0 0 9141.611554 
2037 1986 4 29 0 0 0 8827.037541 
2038 1986 4 30 0 0 0 7677.767358 
2039 1986 5 1 0 0 0 6411.303108 
2040 1986 5 2 0 0 0 5469.566324 
2041 1986 5 3 0 0 0 4889.577193 
2042 1986 5 4 0 0 0 4662.917371 
2043 1986 5 5 0 0 0 4673.800695 
2044 1986 5 6 0 0 0 4769.573722 
2045 1986 5 7 0 0 0 4844.692864 
2046 1986 5 8 0 0 0 4944.491486 
2047 1986 5 9 0 0 0 5344.941287 
2048 1986 5 10 0 0 0 5782.686452 
2049 1986 5 11 0 0 0 5917.012376 
2050 1986 5 12 0 0 0 5661.667498 
2051 1986 5 13 0 0 0 5252.383917 
2052 1986 5 14 0 0 0 4888.964773 
2053 1986 5 15 0 0 0 4656.185599 
2054 1986 5 16 0 0 0 4668.517946 
2055 1986 5 17 0 0 0 4899.631882 
2056 1986 5 18 0 0 0 5055.804223 
2057 1986 5 19 0 0 0 5152.107268 
2058 1986 5 20 0 0 0 5118.833575 
2059 1986 5 21 0 0 0 4982.749529 
2060 1986 5 22 0 0 0 4856.490200 
2061 1986 5 23 0 0 0 4800.145387 
2062 1986 5 24 0 0 0 4766.166075 
2063 1986 5 25 0 0 0 4706.581899 
2064 1986 5 26 0 0 0 4579.213809 
2065 1986 5 27 0 0 0 4420.427498 
2066 1986 5 28 0 0 0 4276.719885 
2067 1986 5 29 0 0 0 4173.075184 
2068 1986 5 30 0 0 0 4113.943594 
2069 1986 5 31 0 0 0 4085.535087 
2070 1986 6 1 0 0 0 4083.091292 
2071 1986 6 2 0 0 0 4111.000138 
2072 1986 6 3 0 0 0 4140.674563 
2073 1986 6 4 0 0 0 4180.258862 
2074 1986 6 5 0 0 0 4360.381771 
2075 1986 6 6 0 0 0 4685.006525 
2076 1986 6 7 0 0 0 5187.195757 
2077 1986 6 8 0 0 0 5500.834571 
2078 1986 6 9 0 0 0 5684.508570 
2079 1986 6 10 0 0 0 5825.003474 
2080 1986 6 11 0 0 0 5981.802593 
2081 1986 6 12 0 0 0 6193.089635 
2082 1986 6 13 0 0 0 6197.930065 
2083 1986 6 14 0 0 0 5935.001981 
2084 1986 6 15 0 0 0 5639.368242 
2085 1986 6 16 0 0 0 5396.085348 
2086 1986 6 17 0 0 0 5218.793359 
2087 1986 6 18 0 0 0 5096.737521 
2088 1986 6 19 0 0 0 5087.968750 
2089 1986 6 20 0 0 0 5137.231763 
2090 1986 6 21 0 0 0 5190.169643 
2091 1986 6 22 0 0 0 5139.011949 
2092 1986 6 23 0 0 0 4999.533570 
2093 1986 6 24 0 0 0 4794.076628 
2094 1986 6 25 0 0 0 4582.294137 
2095 1986 6 26 0 0 0 4468.320662 
2096 1986 6 27 0 0 0 4441.313802 
2097 1986 6 28 0 0 0 4501.498287 
2098 1986 6 29 0 0 0 4603.601166 
2099 1986 6 30 0 0 0 4672.350260 
2100 1986 7 1 0 0 0 4702.572324 
2101 1986 7 2 0 0 0 4620.380123 
2102 1986 7 3 0 0 0 4496.848758 
2103 1986 7 4 0 0 0 4387.609275 
2104 1986 7 5 0 0 0 4443.143498 
2105 1986 7 6 0 0 0 4509.333211 
2106 1986 7 7 0 0 0 4490.209869 
2107 1986 7 8 0 0 0 4463.322540 
2108 1986 7 9 0 0 0 4496.544317 
2109 1986 7 10 0 0 0 4464.578221 
2110 1986 7 11 0 0 0 4288.670274 
2111 1986 7 12 0 0 0 4146.208693 
2112 1986 7 13 0 0 0 4010.781212 
2113 1986 7 14 0 0 0 3938.367229 
2114 1986 7 15 0 0 0 3859.433145 
2115 1986 7 16 0 0 0 3835.857585 
2116 1986 7 17 0 0 0 3867.320197 
2117 1986 7 18 0 0 0 3868.830472 
2118 1986 7 19 0 0 0 3840.670588 
2119 1986 7 20 0 0 0 3770.067871 
2120 1986 7 21 0 0 0 3705.746876 
2121 1986 7 22 0 0 0 3715.737745 
2122 1986 7 23 0 0 0 3662.417026 
2123 1986 7 24 0 0 0 3621.309016 
2124 1986 7 25 0 0 0 3604.766585 
2125 1986 7 26 0 0 0 3622.393225 
2126 1986 7 27 0 0 0 3566.932802 
2127 1986 7 28 0 0 0 3497.501611 
2128 1986 7 29 0 0 0 3437.342249 
2129 1986 7 30 0 0 0 3375.475132 
2130 1986 7 31 0 0 0 3315.438170 
2131 1986 8 1 0 0 0 3259.325688 
2132 1986 8 2 0 0 0 3206.356465 
2133 1986 8 3 0 0 0 3156.457167 
2134 1986 8 4 0 0 0 3108.459198 
2135 1986 8 5 0 0 0 3070.931791 
2136 1986 8 6 0 0 0 3036.552765 
2137 1986 8 7 0 0 0 3014.223168 
2138 1986 8 8 0 0 0 3055.344465 
2139 1986 8 9 0 0 0 2973.762649 
2140 1986 8 10 0 0 0 2907.110928 
2141 1986 8 11 0 0 0 2871.266686 
2142 1986 8 12 0 0 0 2911.492951 
2143 1986 8 13 0 0 0 2890.752530 
2144 1986 8 14 0 0 0 2831.520246 
2145 1986 8 15 0 0 0 2770.587176 
2146 1986 8 16 0 0 0 2700.828760 
2147 1986 8 17 0 0 0 2636.447459 
2148 1986 8 18 0 0 0 2592.392464 
2149 1986 8 19 0 0 0 2557.737179 
2150 1986 8 20 0 0 0 2546.094148 
2151 1986 8 21 0 0 0 2695.658212 
2152 1986 8 22 0 0 0 2773.560618 
2153 1986 8 23 0 0 0 2716.581319 
2154 1986 8 24 0 0 0 2650.420430 
2155 1986 8 25 0 0 0 2787.455785 
2156 1986 8 26 0 0 0 2778.309183 
2157 1986 8 27 0 0 0 2698.086665 
2158 1986 8 28 0 0 0 2644.642584 
2159 1986 8 29 0 0 0 2667.152844 
2160 1986 8 30 0 0 0 2766.632305 
2161 1986 8 31 0 0 0 2814.218967 
2162 1986 9 1 0 0 0 2842.626613 
2163 1986 9 2 0 0 0 2825.157913 
2164 1986 9 3 0 0 0 2810.005352 
2165 1986 9 4 0 0 0 2767.685234 
2166 1986 9 5 0 0 0 2690.055318 
2167 1986 9 6 0 0 0 2613.300527 
2168 1986 9 7 0 0 0 2592.830627 
2169 1986 9 8 0 0 0 2640.991180 
2170 1986 9 9 0 0 0 2721.580654 
2171 1986 9 10 0 0 0 3016.319291 
2172 1986 9 11 0 0 0 3134.100871 
2173 1986 9 12 0 0 0 3087.962053 
2174 1986 9 13 0 0 0 3020.219606 
2175 1986 9 14 0 0 0 2925.326999 
2176 1986 9 15 0 0 0 2796.458322 
2177 1986 9 16 0 0 0 2673.402296 
2178 1986 9 17 0 0 0 2576.030653 
2179 1986 9 18 0 0 0 2502.144442 
2180 1986 9 19 0 0 0 2451.987700 
2181 1986 9 20 0 0 0 2439.222448 
2182 1986 9 21 0 0 0 2549.142945 
2183 1986 9 22 0 0 0 2505.530142 
2184 1986 9 23 0 0 0 2538.096805 
2185 1986 9 24 0 0 0 2563.087254 
2186 1986 9 25 0 0 0 2933.751088 
2187 1986 9 26 0 0 0 3196.631468 
2188 1986 9 27 0 0 0 3260.002234 
2189 1986 9 28 0 0 0 3327.016336 
2190 1986 9 29 0 0 0 3666.712409 
2191 1986 9 30 0 0 0 3699.249084 
2192 1986 10 1 0 0 0 3567.539787 
2193 1986 10 2 0 0 0 3537.293783 
2194 1986 10 3 0 0 0 3826.591439 
2195 1986 10 4 0 0 0 4072.756786 
2196 1986 10 5 0 0 0 4122.115528 
2197 1986 10 6 0 0 0 4024.912622 
2198 1986 10 7 0 0 0 3831.132942 
2199 1986 10 8 0 0 0 3567.781316 
2200 1986 10 9 0 0 0 3313.453436 
2201 1986 10 10 0 0 0 3120.995576 
2202 1986 10 11 0 0 0 3109.027771 
2203 1986 10 12 0 0 0 3112.271829 
2204 1986 10 13 0 0 0 3029.395490 
2205 1986 10 14 0 0 0 2966.707636 
2206 1986 10 15 0 0 0 2915.060195 
2207 1986 10 16 0 0 0 2867.986118 
2208 1986 10 17 0 0 0 2798.554229 
2209 1986 10 18 0 0 0 2722.903768 
2210 1986 10 19 0 0 0 2659.442930 
2211 1986 10 20 0 0 0 2628.835472 
2212 1986 10 21 0 0 0 2708.279978 
2213 1986 10 22 0 0 0 3134.667361 
2214 1986 10 23 0 0 0 3323.471135 
2215 1986 10 24 0 0 0 3363.522304 
2216 1986 10 25 0 0 0 3339.962668 
2217 1986 10 26 0 0 0 3209.930689 
2218 1986 10 27 0 0 0 3020.962860 
2219 1986 10 28 0 0 0 2847.445636 
2220 1986 10 29 0 0 0 2724.770711 
2221 1986 10 30 0 0 0 2686.995765 
2222 1986 10 31 0 0 0 2883.886542 
2223 1986 11 1 0 0 0 3346.954972 
2224 1986 11 2 0 0 0 3651.332732 
2225 1986 11 3 0 0 0 3621.951938 
2226 1986 11 4 0 0 0 3487.817254 
2227 1986 11 5 0 0 0 3283.034795 
2228 1986 11 6 0 0 0 3137.726001 
2229 1986 11 7 0 0 0 3296.326556 
2230 1986 11 8 0 0 0 3491.001626 
2231 1986 11 9 0 0 0 3569.125066 
2232 1986 11 10 0 0 0 3509.035892 
2233 1986 11 11 0 0 0 3318.121662 
2234 1986 11 12 0 0 0 3085.718510 
2235 1986 11 13 0 0 0 2901.692064 
2236 1986 11 14 0 0 0 2777.609126 
2237 1986 11 15 0 0 0 2693.622529 
2238 1986 11 16 0 0 0 2631.698642 
2239 1986 11 17 0 0 0 2584.810201 
2240 1986 11 18 0 0 0 2596.516151 
2241 1986 11 19 0 0 0 2831.272299 
2242 1986 11 20 0 0 0 3046.289896 
2243 1986 11 21 0 0 0 3183.094681 
2244 1986 11 22 0 0 0 3175.200649 
2245 1986 11 23 0 0 0 3074.663348 
2246 1986 11 24 0 0 0 2944.172213 
2247 1986 11 25 0 0 0 2818.161159 
2248 1986 11 26 0 0 0 2716.611670 
2249 1986 11 27 0 0 0 2640.017624 
2250 1986 11 28 0 0 0 2579.857739 
2251 1986 11 29 0 0 0 2529.204544 
2252 1986 11 30 0 0 0 2487.145928 
2253 1986 12 1 0 0 0 2449.154999 
2254 1986 12 2 0 0 0 2414.558865 
2255 1986 12 3 0 0 0 2378.165535 
2256 1986 12 4 0 0 0 2341.693545 
2257 1986 12 5 0 0 0 2308.397989 
2258 1986 12 6 0 0 0 2292.764292 
2259 1986 12 7 0 0 0 2375.544941 
2260 1986 12 8 0 0 0 2414.874844 
2261 1986 12 9 0 0 0 2395.756674 
2262 1986 12 10 0 0 0 2345.461636 
2263 1986 12 11 0 0 0 2289.193934 
2264 1986 12 12 0 0 0 2235.189025 
2265 1986 12 13 0 0 0 2186.944980 
2266 1986 12 14 0 0 0 2145.348165 
2267 1986 12 15 0 0 0 2108.563247 
2268 1986 12 16 0 0 0 2074.584272 
2269 1986 12 17 0 0 0 2042.204802 
2270 1986 12 18 0 0 0 2010.829138 
2271 1986 12 19 0 0 0 1980.192712 
2272 1986 12 20 0 0 0 1950.094734 
2273 1986 12 21 0 0 0 1920.500721 
2274 1986 12 22 0 0 0 1891.372111 
2275 1986 12 23 0 0 0 1862.680703 
2276 1986 12 24 0 0 0 1834.410765 
2277 1986 12 25 0 0 0 1806.552676 
2278 1986 12 26 0 0 0 1779.099940 
2279 1986 12 27 0 0 0 1752.047617 
2280 1986 12 28 0 0 0 1725.391480 
2281 1986 12 29 0 0 0 1699.127644 
2282 1986 12 30 0 0 0 1673.252585 
2283 1986 12 31 0 0 0 1647.767497 
2284 1987 1 1 0 0 0 1622.654271 
2285 1987 1 2 0 0 0 1597.918461 
2286 1987 1 3 0 0 0 1573.556388 
2287 1987 1 4 0 0 0 1549.578237 
2288 1987 1 5 0 0 0 1527.864579 
2289 1987 1 6 0 0 0 1529.812562 
2290 1987 1 7 0 0 0 1516.199331 
2291 1987 1 8 0 0 0 1496.395084 
2292 1987 1 9 0 0 0 1473.960522 
2293 1987 1 10 0 0 0 1451.135584 
2294 1987 1 11 0 0 0 1428.716931 
2295 1987 1 12 0 0 0 1407.216531 
2296 1987 1 13 0 0 0 1385.930963 
2297 1987 1 14 0 0 0 1364.909589 
2298 1987 1 15 0 0 0 1344.196551 
2299 1987 1 16 0 0 0 1323.801414 
2300 1987 1 17 0 0 0 1303.717501 
2301 1987 1 18 0 0 0 1283.934910 
2302 1987 1 19 0 0 0 1264.448406 
2303 1987 1 20 0 0 0 1245.253738 
2304 1987 1 21 0 0 0 1226.346513 
2305 1987 1 22 0 0 0 1207.722547 
2306 1987 1 23 0 0 0 1189.377990 
2307 1987 1 24 0 0 0 1171.309230 
2308 1987 1 25 0 0 0 1153.512747 
2309 1987 1 26 0 0 0 1135.985089 
2310 1987 1 27 0 0 0 1119.111972 
2311 1987 1 28 0 0 0 1110.387653 
2312 1987 1 29 0 0 0 1130.917413 
2313 1987 1 30 0 0 0 1131.513246 
2314 1987 1 31 0 0 0 1122.640531 
2315 1987 2 1 0 0 0 1107.636480 
2316 1987 2 2 0 0 0 1094.890448 
2317 1987 2 3 0 0 0 1138.098519 
2318 1987 2 4 0 0 0 1117.092169 
2319 1987 2 5 0 0 0 1095.455837 
2320 1987 2 6 0 0 0 1076.013328 
2321 1987 2 7 0 0 0 1057.527615 
2322 1987 2 8 0 0 0 1042.178707 
2323 1987 2 9 0 0 0 1028.590451 
2324 1987 2 10 0 0 0 1020.437594 
2325 1987 2 11 0 0 0 1041.882044 
2326 1987 2 12 0 0 0 1059.255378 
2327 1987 2 13 0 0 0 1066.167700 
2328 1987 2 14 0 0 0 1127.122045 
2329 1987 2 15 0 0 0 1377.121794 
2330 1987 2 16 0 0 0 1515.951565 
2331 1987 2 17 0 0 0 1513.651963 
2332 1987 2 18 0 0 0 1433.360060 
2333 1987 2 19 0 0 0 1343.127515 
2334 1987 2 20 0 0 0 1266.325230 
2335 1987 2 21 0 0 0 1209.687706 
2336 1987 2 22 0 0 0 1170.107430 
2337 1987 2 23 0 0 0 1141.268485 
2338 1987 2 24 0 0 0 1118.396551 
2339 1987 2 25 0 0 0 1098.739080 
2340 1987 2 26 0 0 0 1080.877840 
2341 1987 2 27 0 0 0 1064.066844 
2342 1987 2 28 0 0 0 1047.916168 
2343 1987 3 1 0 0 0 1032.216284 
2344 1987 3 2 0 0 0 1016.852243 
2345 1987 3 3 0 0 0 1001.760089 
2346 1987 3 4 0 0 0 986.904377 
2347 1987 3 5 0 0 0 972.400568 
2348 1987 3 6 0 0 0 961.449507 
2349 1987 3 7 0 0 0 984.272189 
2350 1987 3 8 0 0 0 1271.291893 
2351 1987 3 9 0 0 0 1238.687954 
2352 1987 3 10 0 0 0 1297.809498 
2353 1987 3 11 0 0 0 1376.483651 
2354 1987 3 12 0 0 0 1398.864280 
2355 1987 3 13 0 0 0 1383.860199 
2356 1987 3 14 0 0 0 1463.169493 
2357 1987 3 15 0 0 0 1648.971080 
2358 1987 3 16 0 0 0 1739.609344 
2359 1987 3 17 0 0 0 1860.588395 
2360 1987 3 18 0 0 0 1902.038153 
2361 1987 3 19 0 0 0 1880.341755 
2362 1987 3 20 0 0 0 1993.802986 
2363 1987 3 21 0 0 0 2142.311939 
2364 1987 3 22 0 0 0 2081.251170 
2365 1987 3 23 0 0 0 1959.132069 
2366 1987 3 24 0 0 0 1833.460906 
2367 1987 3 25 0 0 0 1724.055958 
2368 1987 3 26 0 0 0 1643.141378 
2369 1987 3 27 0 0 0 1586.264760 
2370 1987 3 28 0 0 0 1563.093738 
2371 1987 3 29 0 0 0 1528.282898 
2372 1987 3 30 0 0 0 1493.553142 
2373 1987 3 31 0 0 0 1464.652359 
2374 1987 4 1 0 0 0 1450.725460 
2375 1987 4 2 0 0 0 1542.353529 
2376 1987 4 3 0 0 0 1524.890940 
2377 1987 4 4 0 0 0 1489.991420 
2378 1987 4 5 0 0 0 1529.722917 
2379 1987 4 6 0 0 0 1470.557223 
2380 1987 4 7 0 0 0 1420.671593 
2381 1987 4 8 0 0 0 1392.650139 
2382 1987 4 9 0 0 0 1373.005645 
2383 1987 4 10 0 0 0 1351.503540 
2384 1987 4 11 0 0 0 1340.749408 
2385 1987 4 12 0 0 0 1441.183007 
2386 1987 4 13 0 0 0 1674.702285 
2387 1987 4 14 0 0 0 1750.900716 
2388 1987 4 15 0 0 0 1786.371433 
2389 1987 4 16 0 0 0 1780.869212 
2390 1987 4 17 0 0 0 1764.474161 
2391 1987 4 18 0 0 0 1821.438490 
2392 1987 4 19 0 0 0 2043.765813 
2393 1987 4 20 0 0 0 2733.897309 
2394 1987 4 21 0 0 0 3741.899059 
2395 1987 4 22 0 0 0 4150.702200 
2396 1987 4 23 0 0 0 3856.380467 
2397 1987 4 24 0 0 0 3345.180082 
2398 1987 4 25 0 0 0 2953.600264 
2399 1987 4 26 0 0 0 2809.648721 
2400 1987 4 27 0 0 0 2863.173201 
2401 1987 4 28 0 0 0 3217.038923 
2402 1987 4 29 0 0 0 3663.766410 
2403 1987 4 30 0 0 0 3869.107957 
2404 1987 5 1 0 0 0 3973.361803 
2405 1987 5 2 0 0 0 4126.188007 
2406 1987 5 3 0 0 0 4194.568857 
2407 1987 5 4 0 0 0 4083.943653 
2408 1987 5 5 0 0 0 3827.956328 
2409 1987 5 6 0 0 0 3480.937801 
2410 1987 5 7 0 0 0 3115.211027 
2411 1987 5 8 0 0 0 2798.659454 
2412 1987 5 9 0 0 0 2569.848833 
2413 1987 5 10 0 0 0 2459.287989 
2414 1987 5 11 0 0 0 2458.267116 
2415 1987 5 12 0 0 0 2544.322915 
2416 1987 5 13 0 0 0 2667.887525 
2417 1987 5 14 0 0 0 2767.103445 
2418 1987 5 15 0 0 0 2881.831025 
2419 1987 5 16 0 0 0 2972.534675 
2420 1987 5 17 0 0 0 3014.377175 
2421 1987 5 18 0 0 0 3093.157242 
2422 1987 5 19 0 0 0 3212.950187 
2423 1987 5 20 0 0 0 3295.527693 
2424 1987 5 21 0 0 0 3405.440470 
2425 1987 5 22 0 0 0 3476.390528 
2426 1987 5 23 0 0 0 3502.352398 
2427 1987 5 24 0 0 0 3487.931574 
2428 1987 5 25 0 0 0 3438.876541 
2429 1987 5 26 0 0 0 3376.244531 
2430 1987 5 27 0 0 0 3320.035712 
2431 1987 5 28 0 0 0 3200.836663 
2432 1987 5 29 0 0 0 3074.184412 
2433 1987 5 30 0 0 0 2958.872039 
2434 1987 5 31 0 0 0 2788.927408 
2435 1987 6 1 0 0 0 2644.293140 
2436 1987 6 2 0 0 0 2541.279901 
2437 1987 6 3 0 0 0 2462.430487 
2438 1987 6 4 0 0 0 2402.448664 
2439 1987 6 5 0 0 0 2355.810960 
2440 1987 6 6 0 0 0 2324.256056 
2441 1987 6 7 0 0 0 2331.284300 
2442 1987 6 8 0 0 0 2423.030171 
2443 1987 6 9 0 0 0 2509.467755 
2444 1987 6 10 0 0 0 2643.812669 
2445 1987 6 11 0 0 0 2667.599541 
2446 1987 6 12 0 0 0 2618.270372 
2447 1987 6 13 0 0 0 2553.018099 
2448 1987 6 14 0 0 0 2463.725778 
2449 1987 6 15 0 0 0 2367.218373 
2450 1987 6 16 0 0 0 2310.633255 
2451 1987 6 17 0 0 0 2254.685088 
2452 1987 6 18 0 0 0 2197.886407 
2453 1987 6 19 0 0 0 2153.286680 
2454 1987 6 20 0 0 0 2110.430480 
2455 1987 6 21 0 0 0 2069.263553 
2456 1987 6 22 0 0 0 2032.328937 
2457 1987 6 23 0 0 0 1999.121738 
2458 1987 6 24 0 0 0 1966.656494 
2459 1987 6 25 0 0 0 1937.149910 
2460 1987 6 26 0 0 0 1908.632065 
2461 1987 6 27 0 0 0 1879.920332 
2462 1987 6 28 0 0 0 1853.827938 
2463 1987 6 29 0 0 0 1871.954232 
2464 1987 6 30 0 0 0 1992.610532 
2465 1987 7 1 0 0 0 2022.276099 
2466 1987 7 2 0 0 0 2000.721868 
2467 1987 7 3 0 0 0 1955.407573 
2468 1987 7 4 0 0 0 1876.879985 
2469 1987 7 5 0 0 0 1795.913851 
2470 1987 7 6 0 0 0 1731.494214 
2471 1987 7 7 0 0 0 1683.454486 
2472 1987 7 8 0 0 0 1646.382662 
2473 1987 7 9 0 0 0 1615.693585 
2474 1987 7 10 0 0 0 1591.996251 
2475 1987 7 11 0 0 0 1621.527324 
2476 1987 7 12 0 0 0 1783.131730 
2477 1987 7 13 0 0 0 1948.476070 
2478 1987 7 14 0 0 0 1890.910908 
2479 1987 7 15 0 0 0 1829.980826 
2480 1987 7 16 0 0 0 1833.377740 
2481 1987 7 17 0 0 0 1760.274241 
2482 1987 7 18 0 0 0 1678.682313 
2483 1987 7 19 0 0 0 1607.709687 
2484 1987 7 20 0 0 0 1543.360051 
2485 1987 7 21 0 0 0 1499.029916 
2486 1987 7 22 0 0 0 1500.522994 
2487 1987 7 23 0 0 0 1456.714946 
2488 1987 7 24 0 0 0 1412.824428 
2489 1987 7 25 0 0 0 1382.864005 
2490 1987 7 26 0 0 0 1365.338350 
2491 1987 7 27 0 0 0 1467.529929 
2492 1987 7 28 0 0 0 1536.212209 
2493 1987 7 29 0 0 0 1612.671553 
2494 1987 7 30 0 0 0 2090.530016 
2495 1987 7 31 0 0 0 2273.595276 
2496 1987 8 1 0 0 0 2234.547645 
2497 1987 8 2 0 0 0 2232.761386 
2498 1987 8 3 0 0 0 2186.428925 
2499 1987 8 4 0 0 0 2031.431222 
2500 1987 8 5 0 0 0 1843.558385 
2501 1987 8 6 0 0 0 1703.548914 
2502 1987 8 7 0 0 0 1712.493936 
2503 1987 8 8 0 0 0 1949.872713 
2504 1987 8 9 0 0 0 1979.175579 
2505 1987 8 10 0 0 0 1916.113331 
2506 1987 8 11 0 0 0 1885.791966 
2507 1987 8 12 0 0 0 1822.798822 
2508 1987 8 13 0 0 0 1741.947771 
2509 1987 8 14 0 0 0 1768.793099 
2510 1987 8 15 0 0 0 1726.497990 
2511 1987 8 16 0 0 0 1788.006674 
2512 1987 8 17 0 0 0 1742.426280 
2513 1987 8 18 0 0 0 1660.992932 
2514 1987 8 19 0 0 0 1600.688284 
2515 1987 8 20 0 0 0 1544.242811 
2516 1987 8 21 0 0 0 1507.077914 
2517 1987 8 22 0 0 0 1518.425145 
2518 1987 8 23 0 0 0 1587.904910 
2519 1987 8 24 0 0 0 1718.260406 
2520 1987 8 25 0 0 0 1931.487188 
2521 1987 8 26 0 0 0 2003.074794 
2522 1987 8 27 0 0 0 1929.659897 
2523 1987 8 28 0 0 0 1839.664475 
2524 1987 8 29 0 0 0 1754.985347 
2525 1987 8 30 0 0 0 1667.438016 
2526 1987 8 31 0 0 0 1596.822191 
2527 1987 9 1 0 0 0 1546.162441 
2528 1987 9 2 0 0 0 1511.246969 
2529 1987 9 3 0 0 0 1508.136439 
2530 1987 9 4 0 0 0 1555.028913 
2531 1987 9 5 0 0 0 1536.137080 
2532 1987 9 6 0 0 0 1490.948177 
2533 1987 9 7 0 0 0 1450.148344 
2534 1987 9 8 0 0 0 1404.120850 
2535 1987 9 9 0 0 0 1360.908312 
2536 1987 9 10 0 0 0 1327.155275 
2537 1987 9 11 0 0 0 1301.231077 
2538 1987 9 12 0 0 0 1280.066248 
2539 1987 9 13 0 0 0 1271.468450 
2540 1987 9 14 0 0 0 1267.570337 
2541 1987 9 15 0 0 0 1258.228252 
2542 1987 9 16 0 0 0 1294.784946 
2543 1987 9 17 0 0 0 1339.041546 
2544 1987 9 18 0 0 0 1302.002927 
2545 1987 9 19 0 0 0 1248.292844 
2546 1987 9 20 0 0 0 1200.600663 
2547 1987 9 21 0 0 0 1159.498878 
2548 1987 9 22 0 0 0 1125.052456 
2549 1987 9 23 0 0 0 1097.784225 
2550 1987 9 24 0 0 0 1076.157877 
2551 1987 9 25 0 0 0 1057.794193 
2552 1987 9 26 0 0 0 1040.983286 
2553 1987 9 27 0 0 0 1024.894386 
2554 1987 9 28 0 0 0 1009.204519 
2555 1987 9 29 0 0 0 993.801385 
2556 1987 9 30 0 0 0 978.646941 
2557 1987 10 1 0 0 0 963.727287 
2558 1987 10 2 0 0 0 949.036045 
2559 1987 10 3 0 0 0 934.569140 
2560 1987 10 4 0 0 0 920.323191 
2561 1987 10 5 0 0 0 906.295030 
2562 1987 10 6 0 0 0 892.481563 
2563 1987 10 7 0 0 0 878.879723 
2564 1987 10 8 0 0 0 865.486457 
2565 1987 10 9 0 0 0 852.298735 
2566 1987 10 10 0 0 0 839.313545 
2567 1987 10 11 0 0 0 826.527905 
2568 1987 10 12 0 0 0 815.302418 
2569 1987 10 13 0 0 0 825.032958 
2570 1987 10 14 0 0 0 922.805707 
2571 1987 10 15 0 0 0 987.892573 
2572 1987 10 16 0 0 0 980.429228 
2573 1987 10 17 0 0 0 981.014992 
2574 1987 10 18 0 0 0 943.366119 
2575 1987 10 19 0 0 0 865.712340 
2576 1987 10 20 0 0 0 792.860809 
2577 1987 10 21 0 0 0 745.337160 
2578 1987 10 22 0 0 0 717.853810 
2579 1987 10 23 0 0 0 704.101229 
2580 1987 10 24 0 0 0 730.546319 
2581 1987 10 25 0 0 0 803.680661 
2582 1987 10 26 0 0 0 990.444933 
2583 1987 10 27 0 0 0 1010.415932 
2584 1987 10 28 0 0 0 983.679376 
2585 1987 10 29 0 0 0 982.557968 
2586 1987 10 30 0 0 0 983.904703 
2587 1987 10 31 0 0 0 985.990637 
2588 1987 11 1 0 0 0 963.305687 
2589 1987 11 2 0 0 0 1048.595006 
2590 1987 11 3 0 0 0 1219.944940 
2591 1987 11 4 0 0 0 1313.473034 
2592 1987 11 5 0 0 0 1353.096449 
2593 1987 11 6 0 0 0 1371.221900 
2594 1987 11 7 0 0 0 1406.813292 
2595 1987 11 8 0 0 0 1342.794404 
2596 1987 11 9 0 0 0 1263.912489 
2597 1987 11 10 0 0 0 1229.732712 
2598 1987 11 11 0 0 0 1305.986843 
2599 1987 11 12 0 0 0 1274.248593 
2600 1987 11 13 0 0 0 1208.039232 
2601 1987 11 14 0 0 0 1181.203683 
2602 1987 11 15 0 0 0 1381.422537 
2603 1987 11 16 0 0 0 1490.187768 
2604 1987 11 17 0 0 0 1441.262600 
2605 1987 11 18 0 0 0 1348.257635 
2606 1987 11 19 0 0 0 1247.481061 
2607 1987 11 20 0 0 0 1159.308977 
2608 1987 11 21 0 0 0 1097.265267 
2609 1987 11 22 0 0 0 1058.115453 
2610 1987 11 23 0 0 0 1032.324859 
2611 1987 11 24 0 0 0 1012.815912 
2612 1987 11 25 0 0 0 996.021946 
2613 1987 11 26 0 0 0 980.438600 
2614 1987 11 27 0 0 0 965.469477 
2615 1987 11 28 0 0 0 950.873943 
2616 1987 11 29 0 0 0 936.548643 
2617 1987 11 30 0 0 0 922.445969 
2618 1987 12 1 0 0 0 908.542908 
2619 1987 12 2 0 0 0 894.828160 
2620 1987 12 3 0 0 0 881.296543 
2621 1987 12 4 0 0 0 867.990115 
2622 1987 12 5 0 0 0 866.748219 
2623 1987 12 6 0 0 0 908.844403 
2624 1987 12 7 0 0 0 924.896995 
2625 1987 12 8 0 0 0 924.513920 
2626 1987 12 9 0 0 0 920.572653 
2627 1987 12 10 0 0 0 919.707959 
2628 1987 12 11 0 0 0 960.869490 
2629 1987 12 12 0 0 0 955.656918 
2630 1987 12 13 0 0 0 932.650902 
2631 1987 12 14 0 0 0 915.528048 
2632 1987 12 15 0 0 0 902.173302 
2633 1987 12 16 0 0 0 888.696911 
2634 1987 12 17 0 0 0 874.660127 
2635 1987 12 18 0 0 0 860.856697 
2636 1987 12 19 0 0 0 847.721044 
2637 1987 12 20 0 0 0 835.058412 
2638 1987 12 21 0 0 0 822.273675 
2639 1987 12 22 0 0 0 810.088668 
2640 1987 12 23 0 0 0 805.310484 
2641 1987 12 24 0 0 0 794.691352 
2642 1987 12 25 0 0 0 782.583620 
2643 1987 12 26 0 0 0 770.644292 
2644 1987 12 27 0 0 0 758.924576 
2645 1987 12 28 0 0 0 747.411837 
2646 1987 12 29 0 0 0 736.090113 
2647 1987 12 30 0 0 0 724.947287 
2648 1987 12 31 0 0 0 713.975106 
2649 1988 1 1 0 0 0 703.167961 
2650 1988 1 2 0 0 0 692.521892 
2651 1988 1 3 0 0 0 682.033906 
2652 1988 1 4 0 0 0 671.701584 
2653 1988 1 5 0 0 0 661.522823 
2654 1988 1 6 0 0 0 651.495673 
2655 1988 1 7 0 0 0 641.618281 
2656 1988 1 8 0 0 0 631.888816 
2657 1988 1 9 0 0 0 622.305470 
2658 1988 1 10 0 0 0 612.866415 
2659 1988 1 11 0 0 0 603.569807 
2660 1988 1 12 0 0 0 594.413798 
2661 1988 1 13 0 0 0 585.396530 
2662 1988 1 14 0 0 0 576.516134 
2663 1988 1 15 0 0 0 567.770731 
2664 1988 1 16 0 0 0 559.158447 
2665 1988 1 17 0 0 0 550.677406 
2666 1988 1 18 0 0 0 542.325739 
2667 1988 1 19 0 0 0 534.101584 
2668 1988 1 20 0 0 0 526.003092 
2669 1988 1 21 0 0 0 518.028425 
2670 1988 1 22 0 0 0 510.175755 
2671 1988 1 23 0 0 0 502.443278 
2672 1988 1 24 0 0 0 494.829197 
2673 1988 1 25 0 0 0 487.331744 
2674 1988 1 26 0 0 0 479.949164 
2675 1988 1 27 0 0 0 472.679722 
2676 1988 1 28 0 0 0 465.521705 
2677 1988 1 29 0 0 0 458.473419 
2678 1988 1 30 0 0 0 451.533201 
2679 1988 1 31 0 0 0 444.699398 
2680 1988 2 1 0 0 0 437.970382 
2681 1988 2 2 0 0 0 431.344547 
2682 1988 2 3 0 0 0 424.820315 
2683 1988 2 4 0 0 0 418.396126 
2684 1988 2 5 0 0 0 412.070437 
2685 1988 2 6 0 0 0 405.841732 
2686 1988 2 7 0 0 0 399.708521 
2687 1988 2 8 0 0 0 393.669327 
2688 1988 2 9 0 0 0 387.722700 
2689 1988 2 10 0 0 0 381.867211 
2690 1988 2 11 0 0 0 376.101454 
2691 1988 2 12 0 0 0 370.424042 
2692 1988 2 13 0 0 0 364.833608 
2693 1988 2 14 0 0 0 359.328805 
2694 1988 2 15 0 0 0 353.908309 
2695 1988 2 16 0 0 0 348.570814 
2696 1988 2 17 0 0 0 343.315037 
2697 1988 2 18 0 0 0 338.139712 
2698 1988 2 19 0 0 0 333.043592 
2699 1988 2 20 0 0 0 328.025451 
2700 1988 2 21 0 0 0 323.084081 
2701 1988 2 22 0 0 0 318.218293 
2702 1988 2 23 0 0 0 313.426916 
2703 1988 2 24 0 0 0 308.708797 
2704 1988 2 25 0 0 0 304.062801 
2705 1988 2 26 0 0 0 299.487813 
2706 1988 2 27 0 0 0 294.982729 
2707 1988 2 28 0 0 0 290.546468 
2708 1988 2 29 0 0 0 286.195263 
2709 1988 3 1 0 0 0 282.499408 
2710 1988 3 2 0 0 0 284.070303 
2711 1988 3 3 0 0 0 288.819969 
2712 1988 3 4 0 0 0 289.627543 
2713 1988 3 5 0 0 0 287.514298 
2714 1988 3 6 0 0 0 284.906962 
2715 1988 3 7 0 0 0 283.778944 
2716 1988 3 8 0 0 0 291.264497 
2717 1988 3 9 0 0 0 290.901904 
2718 1988 3 10 0 0 0 287.149354 
2719 1988 3 11 0 0 0 282.781597 
2720 1988 3 12 0 0 0 278.422784 
2721 1988 3 13 0 0 0 274.202680 
2722 1988 3 14 0 0 0 270.111682 
2723 1988 3 15 0 0 0 266.121933 
2724 1988 3 16 0 0 0 262.212429 
2725 1988 3 17 0 0 0 258.370072 
2726 1988 3 18 0 0 0 254.587136 
2727 1988 3 19 0 0 0 250.859118 
2728 1988 3 20 0 0 0 247.183406 
2729 1988 3 21 0 0 0 243.558459 
2730 1988 3 22 0 0 0 239.983495 
2731 1988 3 23 0 0 0 242.855869 
2732 1988 3 24 0 0 0 267.859057 
2733 1988 3 25 0 0 0 327.780424 
2734 1988 3 26 0 0 0 329.268673 
2735 1988 3 27 0 0 0 499.781894 
2736 1988 3 28 0 0 0 1157.311777 
2737 1988 3 29 0 0 0 1162.052807 
2738 1988 3 30 0 0 0 947.835604 
2739 1988 3 31 0 0 0 778.650931 
2740 1988 4 1 0 0 0 652.823138 
2741 1988 4 2 0 0 0 561.311611 
2742 1988 4 3 0 0 0 498.565868 
2743 1988 4 4 0 0 0 466.020346 
2744 1988 4 5 0 0 0 582.812193 
2745 1988 4 6 0 0 0 794.745444 
2746 1988 4 7 0 0 0 800.946752 
2747 1988 4 8 0 0 0 916.605605 
2748 1988 4 9 0 0 0 901.951163 
2749 1988 4 10 0 0 0 866.162112 
2750 1988 4 11 0 0 0 803.447600 
2751 1988 4 12 0 0 0 797.112811 
2752 1988 4 13 0 0 0 1084.093168 
2753 1988 4 14 0 0 0 1535.730260 
2754 1988 4 15 0 0 0 2021.453980 
2755 1988 4 16 0 0 0 2650.671147 
2756 1988 4 17 0 0 0 3084.923125 
2757 1988 4 18 0 0 0 3958.850156 
2758 1988 4 19 0 0 0 4395.655338 
2759 1988 4 20 0 0 0 5474.106324 
2760 1988 4 21 0 0 0 6758.546674 
2761 1988 4 22 0 0 0 8154.756903 
2762 1988 4 23 0 0 0 9621.076251 
2763 1988 4 24 0 0 0 9798.055295 
2764 1988 4 25 0 0 0 9058.788705 
2765 1988 4 26 0 0 0 8917.732122 
2766 1988 4 27 0 0 0 8664.518532 
2767 1988 4 28 0 0 0 7731.728675 
2768 1988 4 29 0 0 0 6472.335241 
2769 1988 4 30 0 0 0 5318.824897 
2770 1988 5 1 0 0 0 4672.869041 
2771 1988 5 2 0 0 0 4560.473478 
2772 1988 5 3 0 0 0 4631.860035 
2773 1988 5 4 0 0 0 4562.510087 
2774 1988 5 5 0 0 0 4298.562721 
2775 1988 5 6 0 0 0 4022.558269 
2776 1988 5 7 0 0 0 4046.613046 
2777 1988 5 8 0 0 0 4125.476214 
2778 1988 5 9 0 0 0 4171.295172 
2779 1988 5 10 0 0 0 4169.673070 
2780 1988 5 11 0 0 0 4126.631418 
2781 1988 5 12 0 0 0 4036.355009 
2782 1988 5 13 0 0 0 3986.111684 
2783 1988 5 14 0 0 0 4044.254985 
2784 1988 5 15 0 0 0 4144.862583 
2785 1988 5 16 0 0 0 4222.979130 
2786 1988 5 17 0 0 0 4365.872717 
2787 1988 5 18 0 0 0 5067.040046 
2788 1988 5 19 0 0 0 6860.272133 
2789 1988 5 20 0 0 0 9492.100015 
2790 1988 5 21 0 0 0 11360.728193 
2791 1988 5 22 0 0 0 11489.100660 
2792 1988 5 23 0 0 0 10150.437932 
2793 1988 5 24 0 0 0 8274.761991 
2794 1988 5 25 0 0 0 6776.158049 
2795 1988 5 26 0 0 0 6013.757041 
2796 1988 5 27 0 0 0 5815.884620 
2797 1988 5 28 0 0 0 5772.289591 
2798 1988 5 29 0 0 0 5661.916133 
2799 1988 5 30 0 0 0 5467.415531 
2800 1988 5 31 0 0 0 5277.701227 
2801 1988 6 1 0 0 0 5104.029593 
2802 1988 6 2 0 0 0 4940.752900 
2803 1988 6 3 0 0 0 4772.300502 
2804 1988 6 4 0 0 0 4610.039062 
2805 1988 6 5 0 0 0 4478.675992 
2806 1988 6 6 0 0 0 4403.817582 
2807 1988 6 7 0 0 0 4370.827386 
2808 1988 6 8 0 0 0 4347.008878 
2809 1988 6 9 0 0 0 4317.618138 
2810 1988 6 10 0 0 0 4281.820490 
2811 1988 6 11 0 0 0 4282.775119 
2812 1988 6 12 0 0 0 4292.415797 
2813 1988 6 13 0 0 0 4275.228048 
2814 1988 6 14 0 0 0 4277.707885 
2815 1988 6 15 0 0 0 4280.351523 
2816 1988 6 16 0 0 0 4245.428406 
2817 1988 6 17 0 0 0 4166.053424 
2818 1988 6 18 0 0 0 4066.000211 
2819 1988 6 19 0 0 0 3968.330223 
2820 1988 6 20 0 0 0 3908.186250 
2821 1988 6 21 0 0 0 3878.290453 
2822 1988 6 22 0 0 0 3893.327339 
2823 1988 6 23 0 0 0 3918.612058 
2824 1988 6 24 0 0 0 3915.765846 
2825 1988 6 25 0 0 0 3899.176463 
2826 1988 6 26 0 0 0 3895.551298 
2827 1988 6 27 0 0 0 3890.190896 
2828 1988 6 28 0 0 0 3912.550112 
2829 1988 6 29 0 0 0 3920.958917 
2830 1988 6 30 0 0 0 3842.141362 
2831 1988 7 1 0 0 0 3769.512240 
2832 1988 7 2 0 0 0 3768.467031 
2833 1988 7 3 0 0 0 3714.749908 
2834 1988 7 4 0 0 0 3651.552889 
2835 1988 7 5 0 0 0 3552.618651 
2836 1988 7 6 0 0 0 3451.607597 
2837 1988 7 7 0 0 0 3372.652455 
2838 1988 7 8 0 0 0 3300.798471 
2839 1988 7 9 0 0 0 3235.187787 
2840 1988 7 10 0 0 0 3177.449855 
2841 1988 7 11 0 0 0 3133.107027 
2842 1988 7 12 0 0 0 3076.294824 
2843 1988 7 13 0 0 0 3017.627493 
2844 1988 7 14 0 0 0 2968.204689 
2845 1988 7 15 0 0 0 2921.708342 
2846 1988 7 16 0 0 0 2877.793669 
2847 1988 7 17 0 0 0 2834.295383 
2848 1988 7 18 0 0 0 2792.309360 
2849 1988 7 19 0 0 0 2751.299910 
2850 1988 7 20 0 0 0 2710.298434 
2851 1988 7 21 0 0 0 2668.851658 
2852 1988 7 22 0 0 0 2627.478447 
2853 1988 7 23 0 0 0 2586.840454 
2854 1988 7 24 0 0 0 2547.256936 
2855 1988 7 25 0 0 0 2508.859844 
2856 1988 7 26 0 0 0 2472.195093 
2857 1988 7 27 0 0 0 2442.099311 
2858 1988 7 28 0 0 0 2408.585491 
2859 1988 7 29 0 0 0 2389.309863 
2860 1988 7 30 0 0 0 2363.588990 
2861 1988 7 31 0 0 0 2330.839919 
2862 1988 8 1 0 0 0 2308.038258 
2863 1988 8 2 0 0 0 2292.517363 
2864 1988 8 3 0 0 0 2263.017902 
2865 1988 8 4 0 0 0 2262.273791 
2866 1988 8 5 0 0 0 2239.236099 
2867 1988 8 6 0 0 0 2185.560768 
2868 1988 8 7 0 0 0 2175.831879 
2869 1988 8 8 0 0 0 2157.729561 
2870 1988 8 9 0 0 0 2095.207528 
2871 1988 8 10 0 0 0 2043.566570 
2872 1988 8 11 0 0 0 2001.115708 
2873 1988 8 12 0 0 0 1969.650479 
2874 1988 8 13 0 0 0 1933.552889 
2875 1988 8 14 0 0 0 1900.056631 
2876 1988 8 15 0 0 0 1878.666891 
2877 1988 8 16 0 0 0 1877.345796 
2878 1988 8 17 0 0 0 1847.461989 
2879 1988 8 18 0 0 0 1813.951543 
2880 1988 8 19 0 0 0 1784.053244 
2881 1988 8 20 0 0 0 1759.827373 
2882 1988 8 21 0 0 0 1763.542258 
2883 1988 8 22 0 0 0 1725.497943 
2884 1988 8 23 0 0 0 1687.421908 
2885 1988 8 24 0 0 0 1656.680981 
2886 1988 8 25 0 0 0 1624.950536 
2887 1988 8 26 0 0 0 1612.085469 
2888 1988 8 27 0 0 0 1583.797940 
2889 1988 8 28 0 0 0 1554.976587 
2890 1988 8 29 0 0 0 1528.358278 
2891 1988 8 30 0 0 0 1499.307970 
2892 1988 8 31 0 0 0 1471.495798 
2893 1988 9 1 0 0 0 1447.043719 
2894 1988 9 2 0 0 0 1426.641654 
2895 1988 9 3 0 0 0 1403.218076 
2896 1988 9 4 0 0 0 1380.031734 
2897 1988 9 5 0 0 0 1357.712825 
2898 1988 9 6 0 0 0 1336.295100 
2899 1988 9 7 0 0 0 1315.520184 
2900 1988 9 8 0 0 0 1295.176178 
2901 1988 9 9 0 0 0 1275.392617 
2902 1988 9 10 0 0 0 1264.250512 
2903 1988 9 11 0 0 0 1334.033747 
2904 1988 9 12 0 0 0 1529.610986 
2905 1988 9 13 0 0 0 1735.683030 
2906 1988 9 14 0 0 0 1761.883308 
2907 1988 9 15 0 0 0 1755.025844 
2908 1988 9 16 0 0 0 1702.854322 
2909 1988 9 17 0 0 0 1597.780199 
2910 1988 9 18 0 0 0 1474.159895 
2911 1988 9 19 0 0 0 1366.594576 
2912 1988 9 20 0 0 0 1297.564868 
2913 1988 9 21 0 0 0 1234.142247 
2914 1988 9 22 0 0 0 1218.643845 
2915 1988 9 23 0 0 0 1188.250508 
2916 1988 9 24 0 0 0 1146.387238 
2917 1988 9 25 0 0 0 1113.799600 
2918 1988 9 26 0 0 0 1087.016285 
2919 1988 9 27 0 0 0 1064.858674 
2920 1988 9 28 0 0 0 1069.069453 
2921 1988 9 29 0 0 0 1053.894587 
2922 1988 9 30 0 0 0 1031.431410 
