==========================================================================
Using PRMS Parameter File: pipestem.param
Description: Written by Bandit version 0.7.0
==========================================================================
Comment lines:
ParamDb revision: Unknown/commit/Unknown
==========================================================================
Using dimensions    number
nhru                  14
nsegment               7
npoigages              1
nobs                   1
ndeplval             154
nmonths               12
one                    1
ndepl                 14
ngw                   14
nssr                  14
==========================================================================


               Precipitation-Runoff Modeling System (PRMS)
                       Version 6.0.0 09/01/2024

--------------------------------------------------------------------
        Process            Available Modules
--------------------------------------------------------------------
  Basin Definition: basin
    Cascading Flow: cascade
  Time Series Data: obs, water_use_read, dynamic_param_read
                    dynamic_soil_param_read
   Potet Solar Rad: soltab
  Temperature Dist: temp_1sta, temp_laps, temp_dist2, climate_hru,
                    temp_map
       Precip Dist: precip_1sta, precip_laps, precip_dist2,
                    climate_hru, precip_map
Temp & Precip Dist: xyz_dist, ide_dist
    Solar Rad Dist: ccsolrad, ddsolrad, climate_hru
Transpiration Dist: transp_tindex, climate_hru, transp_frost
      Potential ET: potet_hamon, potet_jh, potet_pan, climate_hru,
                    potet_hs, potet_pt, potet_pm, potet_pm_sta
      Interception: intcp
Snow & Glacr Dynam: snowcomp, glacr_melt
    Surface Runoff: srunoff_smidx, srunoff_carea
         Soil Zone: soilzone, soilzone_ag
       Groundwater: gwflow
Streamflow Routing: strmflow, strmflow_in_out, muskingum,
                    muskingum_lake, muskingum_mann, segment_to_hru
Streamflow Charact: strmflow_character
Stream Temperature: stream_temp
    Output Summary: basin_sum, subbasin, map_results, prms_summary,
                    nhru_summary, nsub_summary, water_balance
                    basin_summary, nsegment_summary, statvar_out
     Preprocessing: write_climate_hru, frost_date
--------------------------------------------------------------------

Github Commit Hash b7b217f master branch

Execution start date and time (yyyy/mm/dd hh:mm:ss) 2024/08/27 16:28:20

==========================================================================
Using PRMS Data File: sf_data
Title: Created by Bandit
==========================================================================
Comment lines:
/////////////////////////////////////////////////////////////////////////
// Station IDs for runoff:
// ID
// 06469400
/////////////////////////////////////////////////////////////////////////
// Unit: runoff = cfs
/////////////////////////////////////////////////////////////////////////
==========================================================================
measured variables
runoff 1
==========================================================================
 Data File time period: 1980/01/01 00:00:00 to 2016/12/31 00:00:00
Simulation time period: 1980/10/01 00:00:00 to 2016/09/30 00:00:00
==========================================================================

--------------------------------------------------------------------
    Active modules listed in the order in which they are called
--------------------------------------------------------------------
        Process                    Module         Version Date
==============================================================
PRMS Computation Order          gsflow_prms         2024-09-01
Read Control File               read_control_file   2024-08-01
Read Parameter File             read_parameter_file 2024-08-27
Read Data File                  read_data_file      2023-06-02
Basin Definition                basin               2024-08-09
Common States and Fluxes        climateflow         2024-08-09
Potential Solar Radiation       soltab              2024-01-22
Time Series Data                obs                 2023-11-01
Timestep Control                prms_time           2023-11-01
Temperature Distribution        climate_hru         2024-08-09
Precipitation Distribution      climate_hru         2024-08-09
Solar Radiation Distribution    ddsolrad            2023-10-04
Transpiration Distribution      transp_tindex       2023-11-01
Potential Evapotranspiration    potet_jh            2021-08-13
Canopy Interception             intcp               2024-04-04
Snow Dynamics                   snowcomp            2024-04-30
Surface Runoff                  srunoff_smidx       2024-04-04
Soilzone Computations           soilzone            2024-06-20
Groundwater                     gwflow              2024-05-30
Streamflow Routing Init         routing             2024-08-13
Streamflow Routing              muskingum           2023-11-01
Output Summary                  basin_sum           2024-04-30
Water Balance Computations      water_balance       2024-04-04
Output Summary                  nhru_summary        2024-04-04
Statistics Variables Output     statvar_out         2021-09-08
Output Summary                  prms_summary        2024-04-30
==============================================================

Using Control File: pipestem.control

Using Parameter File: pipestem.param


Start time: 1980/10/01 00:00:00
End time:   2016/09/30 00:00:00


Model domain area:       419193.44    Active basin area:    419193.44
Fraction impervious:        0.0000    Fraction pervious:       0.9648
DPRST area:               14741.23    Fraction DPRST:          0.0352


Execution elapsed time:     0 minutes  1.34 seconds

